[INFO  - 2017-05-20T06:45:07.774Z] GhostDriver - Main - running on port 57234
[INFO  - 2017-05-20T06:45:08.974Z] Session [dda50d90-3d27-11e7-8dd8-358ba25a6ef9] - page.settings - {"XSSAuditingEnabled":false,"javascriptCanCloseWindows":true,"javascriptCanOpenWindows":true,"javascriptEnabled":true,"loadImages":true,"localToRemoteUrlAccessEnabled":false,"userAgent":"Mozilla/5.0 (Windows NT 6.1; WOW64) AppleWebKit/537.36 (KHTML, like Gecko) Chrome/51.0.2704.106 Safari/537.36","webSecurityEnabled":true}
[INFO  - 2017-05-20T06:45:08.974Z] Session [dda50d90-3d27-11e7-8dd8-358ba25a6ef9] - page.customHeaders:  - {}
[INFO  - 2017-05-20T06:45:08.974Z] Session [dda50d90-3d27-11e7-8dd8-358ba25a6ef9] - Session.negotiatedCapabilities - {"browserName":"phantomjs","version":"2.1.1","driverName":"ghostdriver","driverVersion":"1.2.0","platform":"windows-7-32bit","javascriptEnabled":true,"takesScreenshot":true,"handlesAlerts":false,"databaseEnabled":false,"locationContextEnabled":false,"applicationCacheEnabled":false,"browserConnectionEnabled":false,"cssSelectorsEnabled":true,"webStorageEnabled":false,"rotatable":false,"acceptSslCerts":false,"nativeEvents":true,"proxy":{"proxyType":"direct"},"phantomjs.page.settings.userAgent":"Mozilla/5.0 (Windows NT 6.1; WOW64) AppleWebKit/537.36 (KHTML, like Gecko) Chrome/51.0.2704.106 Safari/537.36"}
[INFO  - 2017-05-20T06:45:08.975Z] SessionManagerReqHand - _postNewSessionCommand - New Session Created: dda50d90-3d27-11e7-8dd8-358ba25a6ef9
[ERROR - 2017-05-20T06:45:12.720Z] Session [dda50d90-3d27-11e7-8dd8-358ba25a6ef9] - page.onError - msg: ReferenceError: Can't find variable: etag_ngx_str

  phantomjs://platform/console++.js:263 in error
[ERROR - 2017-05-20T06:45:12.720Z] Session [dda50d90-3d27-11e7-8dd8-358ba25a6ef9] - page.onError - stack:
  global code (http://beacon.sina.com.cn/h.js:1)

  phantomjs://platform/console++.js:263 in error
[ERROR - 2017-05-20T06:45:15.253Z] WebElementLocator - _handleLocateCommand - Element(s) NOT Found: GAVE UP. Search Stop Time: 1495262715207

  phantomjs://platform/console++.js:263 in error
[ERROR - 2017-05-20T06:45:16.749Z] WebElementLocator - _handleLocateCommand - Element(s) NOT Found: GAVE UP. Search Stop Time: 1495262716706

  phantomjs://platform/console++.js:263 in error
[ERROR - 2017-05-20T06:45:18.189Z] WebElementLocator - _handleLocateCommand - Element(s) NOT Found: GAVE UP. Search Stop Time: 1495262718136

  phantomjs://platform/console++.js:263 in error
[ERROR - 2017-05-20T06:45:19.625Z] WebElementLocator - _handleLocateCommand - Element(s) NOT Found: GAVE UP. Search Stop Time: 1495262719607

  phantomjs://platform/console++.js:263 in error
[ERROR - 2017-05-20T06:45:21.043Z] WebElementLocator - _handleLocateCommand - Element(s) NOT Found: GAVE UP. Search Stop Time: 1495262720998

  phantomjs://platform/console++.js:263 in error
[ERROR - 2017-05-20T06:45:22.478Z] WebElementLocator - _handleLocateCommand - Element(s) NOT Found: GAVE UP. Search Stop Time: 1495262722446

  phantomjs://platform/console++.js:263 in error
[ERROR - 2017-05-20T06:45:41.764Z] WebElementLocator - _handleLocateCommand - Element(s) NOT Found: GAVE UP. Search Stop Time: 1495262741728

  phantomjs://platform/console++.js:263 in error
[ERROR - 2017-05-20T06:45:43.241Z] WebElementLocator - _handleLocateCommand - Element(s) NOT Found: GAVE UP. Search Stop Time: 1495262743180

  phantomjs://platform/console++.js:263 in error
[ERROR - 2017-05-20T06:45:44.695Z] WebElementLocator - _handleLocateCommand - Element(s) NOT Found: GAVE UP. Search Stop Time: 1495262744644

  phantomjs://platform/console++.js:263 in error
[ERROR - 2017-05-20T06:45:46.156Z] WebElementLocator - _handleLocateCommand - Element(s) NOT Found: GAVE UP. Search Stop Time: 1495262746102

  phantomjs://platform/console++.js:263 in error
[ERROR - 2017-05-20T06:45:47.591Z] WebElementLocator - _handleLocateCommand - Element(s) NOT Found: GAVE UP. Search Stop Time: 1495262747561

  phantomjs://platform/console++.js:263 in error
[ERROR - 2017-05-20T06:45:49.011Z] WebElementLocator - _handleLocateCommand - Element(s) NOT Found: GAVE UP. Search Stop Time: 1495262748975

  phantomjs://platform/console++.js:263 in error
[ERROR - 2017-05-20T06:45:53.423Z] Session [dda50d90-3d27-11e7-8dd8-358ba25a6ef9] - page.onError - msg: ReferenceError: Can't find variable: etag_ngx_str

  phantomjs://platform/console++.js:263 in error
[ERROR - 2017-05-20T06:45:53.423Z] Session [dda50d90-3d27-11e7-8dd8-358ba25a6ef9] - page.onError - stack:
  global code (http://beacon.sina.com.cn/h.js:1)

  phantomjs://platform/console++.js:263 in error
[ERROR - 2017-05-20T06:45:55.296Z] WebElementLocator - _handleLocateCommand - Element(s) NOT Found: GAVE UP. Search Stop Time: 1495262755260

  phantomjs://platform/console++.js:263 in error
[ERROR - 2017-05-20T06:45:56.720Z] WebElementLocator - _handleLocateCommand - Element(s) NOT Found: GAVE UP. Search Stop Time: 1495262756716

  phantomjs://platform/console++.js:263 in error
[ERROR - 2017-05-20T06:45:58.173Z] WebElementLocator - _handleLocateCommand - Element(s) NOT Found: GAVE UP. Search Stop Time: 1495262758112

  phantomjs://platform/console++.js:263 in error
[ERROR - 2017-05-20T06:45:59.600Z] WebElementLocator - _handleLocateCommand - Element(s) NOT Found: GAVE UP. Search Stop Time: 1495262759565

  phantomjs://platform/console++.js:263 in error
[ERROR - 2017-05-20T06:46:01.044Z] WebElementLocator - _handleLocateCommand - Element(s) NOT Found: GAVE UP. Search Stop Time: 1495262761008

  phantomjs://platform/console++.js:263 in error
[ERROR - 2017-05-20T06:46:02.479Z] WebElementLocator - _handleLocateCommand - Element(s) NOT Found: GAVE UP. Search Stop Time: 1495262762435

  phantomjs://platform/console++.js:263 in error
[ERROR - 2017-05-20T06:46:16.342Z] WebElementLocator - _handleLocateCommand - Element(s) NOT Found: GAVE UP. Search Stop Time: 1495262776297

  phantomjs://platform/console++.js:263 in error
[ERROR - 2017-05-20T06:46:17.796Z] WebElementLocator - _handleLocateCommand - Element(s) NOT Found: GAVE UP. Search Stop Time: 1495262777752

  phantomjs://platform/console++.js:263 in error
[ERROR - 2017-05-20T06:46:25.819Z] WebElementLocator - _handleLocateCommand - Element(s) NOT Found: GAVE UP. Search Stop Time: 1495262785795

  phantomjs://platform/console++.js:263 in error
[ERROR - 2017-05-20T06:46:27.759Z] WebElementLocator - _handleLocateCommand - Element(s) NOT Found: GAVE UP. Search Stop Time: 1495262787702

  phantomjs://platform/console++.js:263 in error
[ERROR - 2017-05-20T06:46:29.431Z] WebElementLocator - _handleLocateCommand - Element(s) NOT Found: GAVE UP. Search Stop Time: 1495262789372

  phantomjs://platform/console++.js:263 in error
[ERROR - 2017-05-20T06:46:31.128Z] WebElementLocator - _handleLocateCommand - Element(s) NOT Found: GAVE UP. Search Stop Time: 1495262791075

  phantomjs://platform/console++.js:263 in error
[ERROR - 2017-05-20T06:46:32.782Z] WebElementLocator - _handleLocateCommand - Element(s) NOT Found: GAVE UP. Search Stop Time: 1495262792740

  phantomjs://platform/console++.js:263 in error
[ERROR - 2017-05-20T06:46:34.469Z] WebElementLocator - _handleLocateCommand - Element(s) NOT Found: GAVE UP. Search Stop Time: 1495262794416

  phantomjs://platform/console++.js:263 in error
[ERROR - 2017-05-20T06:46:36.181Z] WebElementLocator - _handleLocateCommand - Element(s) NOT Found: GAVE UP. Search Stop Time: 1495262796129

  phantomjs://platform/console++.js:263 in error
[ERROR - 2017-05-20T06:46:37.820Z] WebElementLocator - _handleLocateCommand - Element(s) NOT Found: GAVE UP. Search Stop Time: 1495262797786

  phantomjs://platform/console++.js:263 in error
[ERROR - 2017-05-20T06:46:39.478Z] WebElementLocator - _handleLocateCommand - Element(s) NOT Found: GAVE UP. Search Stop Time: 1495262799421

  phantomjs://platform/console++.js:263 in error
[ERROR - 2017-05-20T06:46:42.585Z] Session [dda50d90-3d27-11e7-8dd8-358ba25a6ef9] - page.onError - msg: ReferenceError: Can't find variable: etag_ngx_str

  phantomjs://platform/console++.js:263 in error
[ERROR - 2017-05-20T06:46:42.585Z] Session [dda50d90-3d27-11e7-8dd8-358ba25a6ef9] - page.onError - stack:
  global code (http://beacon.sina.com.cn/h.js:1)

  phantomjs://platform/console++.js:263 in error
[ERROR - 2017-05-20T06:46:44.031Z] Session [dda50d90-3d27-11e7-8dd8-358ba25a6ef9] - page.onError - msg: ReferenceError: Can't find variable: etag_ngx_str

  phantomjs://platform/console++.js:263 in error
[ERROR - 2017-05-20T06:46:44.031Z] Session [dda50d90-3d27-11e7-8dd8-358ba25a6ef9] - page.onError - stack:
  global code (http://beacon.sina.com.cn/h.js:1)

  phantomjs://platform/console++.js:263 in error
[ERROR - 2017-05-20T06:46:46.213Z] WebElementLocator - _handleLocateCommand - Element(s) NOT Found: GAVE UP. Search Stop Time: 1495262806151

  phantomjs://platform/console++.js:263 in error
[ERROR - 2017-05-20T06:46:47.663Z] WebElementLocator - _handleLocateCommand - Element(s) NOT Found: GAVE UP. Search Stop Time: 1495262807633

  phantomjs://platform/console++.js:263 in error
[ERROR - 2017-05-20T06:46:49.097Z] WebElementLocator - _handleLocateCommand - Element(s) NOT Found: GAVE UP. Search Stop Time: 1495262809051

  phantomjs://platform/console++.js:263 in error
[ERROR - 2017-05-20T06:46:50.521Z] WebElementLocator - _handleLocateCommand - Element(s) NOT Found: GAVE UP. Search Stop Time: 1495262810488

  phantomjs://platform/console++.js:263 in error
[ERROR - 2017-05-20T06:46:51.953Z] WebElementLocator - _handleLocateCommand - Element(s) NOT Found: GAVE UP. Search Stop Time: 1495262811938

  phantomjs://platform/console++.js:263 in error
[ERROR - 2017-05-20T06:46:53.389Z] WebElementLocator - _handleLocateCommand - Element(s) NOT Found: GAVE UP. Search Stop Time: 1495262813349

  phantomjs://platform/console++.js:263 in error
[ERROR - 2017-05-20T06:47:13.003Z] Session [dda50d90-3d27-11e7-8dd8-358ba25a6ef9] - page.onError - msg: ReferenceError: Can't find variable: etag_ngx_str

  phantomjs://platform/console++.js:263 in error
[ERROR - 2017-05-20T06:47:13.003Z] Session [dda50d90-3d27-11e7-8dd8-358ba25a6ef9] - page.onError - stack:
  global code (http://beacon.sina.com.cn/h.js:1)

  phantomjs://platform/console++.js:263 in error
[ERROR - 2017-05-20T06:47:15.263Z] WebElementLocator - _handleLocateCommand - Element(s) NOT Found: GAVE UP. Search Stop Time: 1495262835232

  phantomjs://platform/console++.js:263 in error
[ERROR - 2017-05-20T06:47:16.756Z] WebElementLocator - _handleLocateCommand - Element(s) NOT Found: GAVE UP. Search Stop Time: 1495262836713

  phantomjs://platform/console++.js:263 in error
[ERROR - 2017-05-20T06:47:18.208Z] WebElementLocator - _handleLocateCommand - Element(s) NOT Found: GAVE UP. Search Stop Time: 1495262838164

  phantomjs://platform/console++.js:263 in error
[ERROR - 2017-05-20T06:47:19.643Z] WebElementLocator - _handleLocateCommand - Element(s) NOT Found: GAVE UP. Search Stop Time: 1495262839604

  phantomjs://platform/console++.js:263 in error
[ERROR - 2017-05-20T06:47:21.089Z] WebElementLocator - _handleLocateCommand - Element(s) NOT Found: GAVE UP. Search Stop Time: 1495262841040

  phantomjs://platform/console++.js:263 in error
[ERROR - 2017-05-20T06:47:22.531Z] WebElementLocator - _handleLocateCommand - Element(s) NOT Found: GAVE UP. Search Stop Time: 1495262842495

  phantomjs://platform/console++.js:263 in error
[ERROR - 2017-05-20T06:47:30.577Z] WebElementLocator - _handleLocateCommand - Element(s) NOT Found: GAVE UP. Search Stop Time: 1495262850529

  phantomjs://platform/console++.js:263 in error
[ERROR - 2017-05-20T06:47:32.022Z] WebElementLocator - _handleLocateCommand - Element(s) NOT Found: GAVE UP. Search Stop Time: 1495262852012

  phantomjs://platform/console++.js:263 in error
[ERROR - 2017-05-20T06:47:40.967Z] WebElementLocator - _handleLocateCommand - Element(s) NOT Found: GAVE UP. Search Stop Time: 1495262860925

  phantomjs://platform/console++.js:263 in error
[ERROR - 2017-05-20T06:47:42.668Z] WebElementLocator - _handleLocateCommand - Element(s) NOT Found: GAVE UP. Search Stop Time: 1495262862618

  phantomjs://platform/console++.js:263 in error
[ERROR - 2017-05-20T06:47:44.353Z] WebElementLocator - _handleLocateCommand - Element(s) NOT Found: GAVE UP. Search Stop Time: 1495262864307

  phantomjs://platform/console++.js:263 in error
[ERROR - 2017-05-20T06:47:46.003Z] WebElementLocator - _handleLocateCommand - Element(s) NOT Found: GAVE UP. Search Stop Time: 1495262865979

  phantomjs://platform/console++.js:263 in error
[ERROR - 2017-05-20T06:47:47.662Z] WebElementLocator - _handleLocateCommand - Element(s) NOT Found: GAVE UP. Search Stop Time: 1495262867616

  phantomjs://platform/console++.js:263 in error
[ERROR - 2017-05-20T06:47:49.334Z] WebElementLocator - _handleLocateCommand - Element(s) NOT Found: GAVE UP. Search Stop Time: 1495262869300

  phantomjs://platform/console++.js:263 in error
[ERROR - 2017-05-20T06:47:50.997Z] WebElementLocator - _handleLocateCommand - Element(s) NOT Found: GAVE UP. Search Stop Time: 1495262870942

  phantomjs://platform/console++.js:263 in error
[ERROR - 2017-05-20T06:47:52.697Z] WebElementLocator - _handleLocateCommand - Element(s) NOT Found: GAVE UP. Search Stop Time: 1495262872646

  phantomjs://platform/console++.js:263 in error
[ERROR - 2017-05-20T06:47:54.367Z] WebElementLocator - _handleLocateCommand - Element(s) NOT Found: GAVE UP. Search Stop Time: 1495262874319

  phantomjs://platform/console++.js:263 in error
[ERROR - 2017-05-20T06:47:57.534Z] Session [dda50d90-3d27-11e7-8dd8-358ba25a6ef9] - page.onError - msg: ReferenceError: Can't find variable: etag_ngx_str

  phantomjs://platform/console++.js:263 in error
[ERROR - 2017-05-20T06:47:57.534Z] Session [dda50d90-3d27-11e7-8dd8-358ba25a6ef9] - page.onError - stack:
  global code (http://beacon.sina.com.cn/h.js:1)

  phantomjs://platform/console++.js:263 in error
[ERROR - 2017-05-20T06:47:58.949Z] Session [dda50d90-3d27-11e7-8dd8-358ba25a6ef9] - page.onError - msg: ReferenceError: Can't find variable: etag_ngx_str

  phantomjs://platform/console++.js:263 in error
[ERROR - 2017-05-20T06:47:58.949Z] Session [dda50d90-3d27-11e7-8dd8-358ba25a6ef9] - page.onError - stack:
  global code (http://beacon.sina.com.cn/h.js:1)

  phantomjs://platform/console++.js:263 in error
[ERROR - 2017-05-20T06:48:01.137Z] WebElementLocator - _handleLocateCommand - Element(s) NOT Found: GAVE UP. Search Stop Time: 1495262881101

  phantomjs://platform/console++.js:263 in error
[ERROR - 2017-05-20T06:48:02.587Z] WebElementLocator - _handleLocateCommand - Element(s) NOT Found: GAVE UP. Search Stop Time: 1495262882559

  phantomjs://platform/console++.js:263 in error
[ERROR - 2017-05-20T06:48:04.023Z] WebElementLocator - _handleLocateCommand - Element(s) NOT Found: GAVE UP. Search Stop Time: 1495262883966

  phantomjs://platform/console++.js:263 in error
[ERROR - 2017-05-20T06:48:05.480Z] WebElementLocator - _handleLocateCommand - Element(s) NOT Found: GAVE UP. Search Stop Time: 1495262885439

  phantomjs://platform/console++.js:263 in error
[ERROR - 2017-05-20T06:48:06.940Z] WebElementLocator - _handleLocateCommand - Element(s) NOT Found: GAVE UP. Search Stop Time: 1495262886916

  phantomjs://platform/console++.js:263 in error
[ERROR - 2017-05-20T06:48:08.374Z] WebElementLocator - _handleLocateCommand - Element(s) NOT Found: GAVE UP. Search Stop Time: 1495262888339

  phantomjs://platform/console++.js:263 in error
[ERROR - 2017-05-20T06:48:19.434Z] WebElementLocator - _handleLocateCommand - Element(s) NOT Found: GAVE UP. Search Stop Time: 1495262899396

  phantomjs://platform/console++.js:263 in error
[ERROR - 2017-05-20T06:48:20.892Z] WebElementLocator - _handleLocateCommand - Element(s) NOT Found: GAVE UP. Search Stop Time: 1495262900866

  phantomjs://platform/console++.js:263 in error
[ERROR - 2017-05-20T06:48:33.802Z] WebElementLocator - _handleLocateCommand - Element(s) NOT Found: GAVE UP. Search Stop Time: 1495262913755

  phantomjs://platform/console++.js:263 in error
[ERROR - 2017-05-20T06:48:35.427Z] WebElementLocator - _handleLocateCommand - Element(s) NOT Found: GAVE UP. Search Stop Time: 1495262915425

  phantomjs://platform/console++.js:263 in error
[ERROR - 2017-05-20T06:48:37.110Z] WebElementLocator - _handleLocateCommand - Element(s) NOT Found: GAVE UP. Search Stop Time: 1495262917052

  phantomjs://platform/console++.js:263 in error
[ERROR - 2017-05-20T06:48:38.799Z] WebElementLocator - _handleLocateCommand - Element(s) NOT Found: GAVE UP. Search Stop Time: 1495262918750

  phantomjs://platform/console++.js:263 in error
[ERROR - 2017-05-20T06:48:40.453Z] WebElementLocator - _handleLocateCommand - Element(s) NOT Found: GAVE UP. Search Stop Time: 1495262920399

  phantomjs://platform/console++.js:263 in error
[ERROR - 2017-05-20T06:48:42.148Z] WebElementLocator - _handleLocateCommand - Element(s) NOT Found: GAVE UP. Search Stop Time: 1495262922097

  phantomjs://platform/console++.js:263 in error
[ERROR - 2017-05-20T06:48:43.816Z] WebElementLocator - _handleLocateCommand - Element(s) NOT Found: GAVE UP. Search Stop Time: 1495262923758

  phantomjs://platform/console++.js:263 in error
[ERROR - 2017-05-20T06:48:45.415Z] WebElementLocator - _handleLocateCommand - Element(s) NOT Found: GAVE UP. Search Stop Time: 1495262925413

  phantomjs://platform/console++.js:263 in error
[ERROR - 2017-05-20T06:48:47.111Z] WebElementLocator - _handleLocateCommand - Element(s) NOT Found: GAVE UP. Search Stop Time: 1495262927053

  phantomjs://platform/console++.js:263 in error
[ERROR - 2017-05-20T06:48:50.389Z] Session [dda50d90-3d27-11e7-8dd8-358ba25a6ef9] - page.onError - msg: ReferenceError: Can't find variable: etag_ngx_str

  phantomjs://platform/console++.js:263 in error
[ERROR - 2017-05-20T06:48:50.389Z] Session [dda50d90-3d27-11e7-8dd8-358ba25a6ef9] - page.onError - stack:
  global code (http://beacon.sina.com.cn/h.js:1)

  phantomjs://platform/console++.js:263 in error
[ERROR - 2017-05-20T06:48:52.063Z] Session [dda50d90-3d27-11e7-8dd8-358ba25a6ef9] - page.onError - msg: ReferenceError: Can't find variable: etag_ngx_str

  phantomjs://platform/console++.js:263 in error
[ERROR - 2017-05-20T06:48:52.063Z] Session [dda50d90-3d27-11e7-8dd8-358ba25a6ef9] - page.onError - stack:
  global code (http://beacon.sina.com.cn/h.js:1)

  phantomjs://platform/console++.js:263 in error
[ERROR - 2017-05-20T06:48:54.178Z] WebElementLocator - _handleLocateCommand - Element(s) NOT Found: GAVE UP. Search Stop Time: 1495262934156

  phantomjs://platform/console++.js:263 in error
[ERROR - 2017-05-20T06:48:55.663Z] WebElementLocator - _handleLocateCommand - Element(s) NOT Found: GAVE UP. Search Stop Time: 1495262935609

  phantomjs://platform/console++.js:263 in error
[ERROR - 2017-05-20T06:48:57.126Z] WebElementLocator - _handleLocateCommand - Element(s) NOT Found: GAVE UP. Search Stop Time: 1495262937078

  phantomjs://platform/console++.js:263 in error
[ERROR - 2017-05-20T06:48:58.550Z] WebElementLocator - _handleLocateCommand - Element(s) NOT Found: GAVE UP. Search Stop Time: 1495262938509

  phantomjs://platform/console++.js:263 in error
[ERROR - 2017-05-20T06:49:00.013Z] WebElementLocator - _handleLocateCommand - Element(s) NOT Found: GAVE UP. Search Stop Time: 1495262939969

  phantomjs://platform/console++.js:263 in error
[ERROR - 2017-05-20T06:49:01.469Z] WebElementLocator - _handleLocateCommand - Element(s) NOT Found: GAVE UP. Search Stop Time: 1495262941400

  phantomjs://platform/console++.js:263 in error
[ERROR - 2017-05-20T06:49:12.783Z] WebElementLocator - _handleLocateCommand - Element(s) NOT Found: GAVE UP. Search Stop Time: 1495262952738

  phantomjs://platform/console++.js:263 in error
[ERROR - 2017-05-20T06:49:14.209Z] WebElementLocator - _handleLocateCommand - Element(s) NOT Found: GAVE UP. Search Stop Time: 1495262954155

  phantomjs://platform/console++.js:263 in error
[ERROR - 2017-05-20T06:49:22.632Z] WebElementLocator - _handleLocateCommand - Element(s) NOT Found: GAVE UP. Search Stop Time: 1495262962585

  phantomjs://platform/console++.js:263 in error
[ERROR - 2017-05-20T06:49:24.366Z] WebElementLocator - _handleLocateCommand - Element(s) NOT Found: GAVE UP. Search Stop Time: 1495262964316

  phantomjs://platform/console++.js:263 in error
[ERROR - 2017-05-20T06:49:26.126Z] WebElementLocator - _handleLocateCommand - Element(s) NOT Found: GAVE UP. Search Stop Time: 1495262966065

  phantomjs://platform/console++.js:263 in error
[ERROR - 2017-05-20T06:49:27.872Z] WebElementLocator - _handleLocateCommand - Element(s) NOT Found: GAVE UP. Search Stop Time: 1495262967813

  phantomjs://platform/console++.js:263 in error
[ERROR - 2017-05-20T06:49:29.605Z] WebElementLocator - _handleLocateCommand - Element(s) NOT Found: GAVE UP. Search Stop Time: 1495262969541

  phantomjs://platform/console++.js:263 in error
[ERROR - 2017-05-20T06:49:31.356Z] WebElementLocator - _handleLocateCommand - Element(s) NOT Found: GAVE UP. Search Stop Time: 1495262971301

  phantomjs://platform/console++.js:263 in error
[ERROR - 2017-05-20T06:49:33.037Z] WebElementLocator - _handleLocateCommand - Element(s) NOT Found: GAVE UP. Search Stop Time: 1495262972987

  phantomjs://platform/console++.js:263 in error
[ERROR - 2017-05-20T06:49:34.765Z] WebElementLocator - _handleLocateCommand - Element(s) NOT Found: GAVE UP. Search Stop Time: 1495262974708

  phantomjs://platform/console++.js:263 in error
[ERROR - 2017-05-20T06:49:36.376Z] WebElementLocator - _handleLocateCommand - Element(s) NOT Found: GAVE UP. Search Stop Time: 1495262976368

  phantomjs://platform/console++.js:263 in error
[ERROR - 2017-05-20T06:49:39.894Z] Session [dda50d90-3d27-11e7-8dd8-358ba25a6ef9] - page.onError - msg: ReferenceError: Can't find variable: etag_ngx_str

  phantomjs://platform/console++.js:263 in error
[ERROR - 2017-05-20T06:49:39.895Z] Session [dda50d90-3d27-11e7-8dd8-358ba25a6ef9] - page.onError - stack:
  global code (http://beacon.sina.com.cn/h.js:1)

  phantomjs://platform/console++.js:263 in error
[ERROR - 2017-05-20T06:49:41.157Z] Session [dda50d90-3d27-11e7-8dd8-358ba25a6ef9] - page.onError - msg: ReferenceError: Can't find variable: etag_ngx_str

  phantomjs://platform/console++.js:263 in error
[ERROR - 2017-05-20T06:49:41.158Z] Session [dda50d90-3d27-11e7-8dd8-358ba25a6ef9] - page.onError - stack:
  global code (http://beacon.sina.com.cn/h.js:1)

  phantomjs://platform/console++.js:263 in error
[ERROR - 2017-05-20T06:49:43.424Z] WebElementLocator - _handleLocateCommand - Element(s) NOT Found: GAVE UP. Search Stop Time: 1495262983368

  phantomjs://platform/console++.js:263 in error
[ERROR - 2017-05-20T06:49:44.880Z] WebElementLocator - _handleLocateCommand - Element(s) NOT Found: GAVE UP. Search Stop Time: 1495262984878

  phantomjs://platform/console++.js:263 in error
[ERROR - 2017-05-20T06:49:46.377Z] WebElementLocator - _handleLocateCommand - Element(s) NOT Found: GAVE UP. Search Stop Time: 1495262986374

  phantomjs://platform/console++.js:263 in error
[ERROR - 2017-05-20T06:49:47.860Z] WebElementLocator - _handleLocateCommand - Element(s) NOT Found: GAVE UP. Search Stop Time: 1495262987821

  phantomjs://platform/console++.js:263 in error
[ERROR - 2017-05-20T06:49:49.335Z] WebElementLocator - _handleLocateCommand - Element(s) NOT Found: GAVE UP. Search Stop Time: 1495262989292

  phantomjs://platform/console++.js:263 in error
[ERROR - 2017-05-20T06:49:50.770Z] WebElementLocator - _handleLocateCommand - Element(s) NOT Found: GAVE UP. Search Stop Time: 1495262990738

  phantomjs://platform/console++.js:263 in error
[INFO  - 2017-05-20T06:50:07.772Z] SessionManagerReqHand - _cleanupWindowlessSessions - Asynchronous Sessions clean-up phase starting NOW
[ERROR - 2017-05-20T06:50:07.960Z] WebElementLocator - _handleLocateCommand - Element(s) NOT Found: GAVE UP. Search Stop Time: 1495263007929

  phantomjs://platform/console++.js:263 in error
[ERROR - 2017-05-20T06:50:09.474Z] WebElementLocator - _handleLocateCommand - Element(s) NOT Found: GAVE UP. Search Stop Time: 1495263009431

  phantomjs://platform/console++.js:263 in error
[ERROR - 2017-05-20T06:50:10.929Z] WebElementLocator - _handleLocateCommand - Element(s) NOT Found: GAVE UP. Search Stop Time: 1495263010873

  phantomjs://platform/console++.js:263 in error
[ERROR - 2017-05-20T06:50:12.423Z] WebElementLocator - _handleLocateCommand - Element(s) NOT Found: GAVE UP. Search Stop Time: 1495263012367

  phantomjs://platform/console++.js:263 in error
[ERROR - 2017-05-20T06:50:13.871Z] WebElementLocator - _handleLocateCommand - Element(s) NOT Found: GAVE UP. Search Stop Time: 1495263013813

  phantomjs://platform/console++.js:263 in error
[ERROR - 2017-05-20T06:50:15.290Z] WebElementLocator - _handleLocateCommand - Element(s) NOT Found: GAVE UP. Search Stop Time: 1495263015242

  phantomjs://platform/console++.js:263 in error
[ERROR - 2017-05-20T06:50:19.783Z] Session [dda50d90-3d27-11e7-8dd8-358ba25a6ef9] - page.onError - msg: ReferenceError: Can't find variable: etag_ngx_str

  phantomjs://platform/console++.js:263 in error
[ERROR - 2017-05-20T06:50:19.783Z] Session [dda50d90-3d27-11e7-8dd8-358ba25a6ef9] - page.onError - stack:
  global code (http://beacon.sina.com.cn/h.js:1)

  phantomjs://platform/console++.js:263 in error
[ERROR - 2017-05-20T06:50:23.469Z] WebElementLocator - _handleLocateCommand - Element(s) NOT Found: GAVE UP. Search Stop Time: 1495263023411

  phantomjs://platform/console++.js:263 in error
[ERROR - 2017-05-20T06:50:24.966Z] WebElementLocator - _handleLocateCommand - Element(s) NOT Found: GAVE UP. Search Stop Time: 1495263024914

  phantomjs://platform/console++.js:263 in error
[ERROR - 2017-05-20T06:50:26.448Z] WebElementLocator - _handleLocateCommand - Element(s) NOT Found: GAVE UP. Search Stop Time: 1495263026397

  phantomjs://platform/console++.js:263 in error
[ERROR - 2017-05-20T06:50:27.884Z] WebElementLocator - _handleLocateCommand - Element(s) NOT Found: GAVE UP. Search Stop Time: 1495263027853

  phantomjs://platform/console++.js:263 in error
[ERROR - 2017-05-20T06:50:29.322Z] WebElementLocator - _handleLocateCommand - Element(s) NOT Found: GAVE UP. Search Stop Time: 1495263029281

  phantomjs://platform/console++.js:263 in error
[ERROR - 2017-05-20T06:50:30.775Z] WebElementLocator - _handleLocateCommand - Element(s) NOT Found: GAVE UP. Search Stop Time: 1495263030735

  phantomjs://platform/console++.js:263 in error
[ERROR - 2017-05-20T06:50:50.254Z] Session [dda50d90-3d27-11e7-8dd8-358ba25a6ef9] - page.onError - msg: ReferenceError: Can't find variable: etag_ngx_str

  phantomjs://platform/console++.js:263 in error
[ERROR - 2017-05-20T06:50:50.254Z] Session [dda50d90-3d27-11e7-8dd8-358ba25a6ef9] - page.onError - stack:
  global code (http://beacon.sina.com.cn/h.js:1)

  phantomjs://platform/console++.js:263 in error
[ERROR - 2017-05-20T06:50:52.479Z] WebElementLocator - _handleLocateCommand - Element(s) NOT Found: GAVE UP. Search Stop Time: 1495263052431

  phantomjs://platform/console++.js:263 in error
[ERROR - 2017-05-20T06:50:53.960Z] WebElementLocator - _handleLocateCommand - Element(s) NOT Found: GAVE UP. Search Stop Time: 1495263053912

  phantomjs://platform/console++.js:263 in error
[ERROR - 2017-05-20T06:50:55.416Z] WebElementLocator - _handleLocateCommand - Element(s) NOT Found: GAVE UP. Search Stop Time: 1495263055361

  phantomjs://platform/console++.js:263 in error
[ERROR - 2017-05-20T06:50:56.884Z] WebElementLocator - _handleLocateCommand - Element(s) NOT Found: GAVE UP. Search Stop Time: 1495263056855

  phantomjs://platform/console++.js:263 in error
[ERROR - 2017-05-20T06:50:58.367Z] WebElementLocator - _handleLocateCommand - Element(s) NOT Found: GAVE UP. Search Stop Time: 1495263058325

  phantomjs://platform/console++.js:263 in error
[ERROR - 2017-05-20T06:50:59.793Z] WebElementLocator - _handleLocateCommand - Element(s) NOT Found: GAVE UP. Search Stop Time: 1495263059745

  phantomjs://platform/console++.js:263 in error
[ERROR - 2017-05-20T06:51:07.878Z] WebElementLocator - _handleLocateCommand - Element(s) NOT Found: GAVE UP. Search Stop Time: 1495263067828

  phantomjs://platform/console++.js:263 in error
[ERROR - 2017-05-20T06:51:09.315Z] WebElementLocator - _handleLocateCommand - Element(s) NOT Found: GAVE UP. Search Stop Time: 1495263069261

  phantomjs://platform/console++.js:263 in error
[ERROR - 2017-05-20T06:51:25.251Z] WebElementLocator - _handleLocateCommand - Element(s) NOT Found: GAVE UP. Search Stop Time: 1495263085198

  phantomjs://platform/console++.js:263 in error
[ERROR - 2017-05-20T06:51:26.991Z] WebElementLocator - _handleLocateCommand - Element(s) NOT Found: GAVE UP. Search Stop Time: 1495263086929

  phantomjs://platform/console++.js:263 in error
[ERROR - 2017-05-20T06:51:28.694Z] WebElementLocator - _handleLocateCommand - Element(s) NOT Found: GAVE UP. Search Stop Time: 1495263088636

  phantomjs://platform/console++.js:263 in error
[ERROR - 2017-05-20T06:51:30.392Z] WebElementLocator - _handleLocateCommand - Element(s) NOT Found: GAVE UP. Search Stop Time: 1495263090331

  phantomjs://platform/console++.js:263 in error
[ERROR - 2017-05-20T06:51:32.134Z] WebElementLocator - _handleLocateCommand - Element(s) NOT Found: GAVE UP. Search Stop Time: 1495263092083

  phantomjs://platform/console++.js:263 in error
[ERROR - 2017-05-20T06:51:33.826Z] WebElementLocator - _handleLocateCommand - Element(s) NOT Found: GAVE UP. Search Stop Time: 1495263093769

  phantomjs://platform/console++.js:263 in error
[ERROR - 2017-05-20T06:51:35.509Z] WebElementLocator - _handleLocateCommand - Element(s) NOT Found: GAVE UP. Search Stop Time: 1495263095447

  phantomjs://platform/console++.js:263 in error
[ERROR - 2017-05-20T06:51:37.256Z] WebElementLocator - _handleLocateCommand - Element(s) NOT Found: GAVE UP. Search Stop Time: 1495263097200

  phantomjs://platform/console++.js:263 in error
[ERROR - 2017-05-20T06:51:38.924Z] WebElementLocator - _handleLocateCommand - Element(s) NOT Found: GAVE UP. Search Stop Time: 1495263098922

  phantomjs://platform/console++.js:263 in error
[ERROR - 2017-05-20T06:51:42.192Z] Session [dda50d90-3d27-11e7-8dd8-358ba25a6ef9] - page.onError - msg: ReferenceError: Can't find variable: etag_ngx_str

  phantomjs://platform/console++.js:263 in error
[ERROR - 2017-05-20T06:51:42.192Z] Session [dda50d90-3d27-11e7-8dd8-358ba25a6ef9] - page.onError - stack:
  global code (http://beacon.sina.com.cn/h.js:1)

  phantomjs://platform/console++.js:263 in error
[ERROR - 2017-05-20T06:51:43.535Z] Session [dda50d90-3d27-11e7-8dd8-358ba25a6ef9] - page.onError - msg: ReferenceError: Can't find variable: etag_ngx_str

  phantomjs://platform/console++.js:263 in error
[ERROR - 2017-05-20T06:51:43.535Z] Session [dda50d90-3d27-11e7-8dd8-358ba25a6ef9] - page.onError - stack:
  global code (http://beacon.sina.com.cn/h.js:1)

  phantomjs://platform/console++.js:263 in error
[ERROR - 2017-05-20T06:51:45.834Z] WebElementLocator - _handleLocateCommand - Element(s) NOT Found: GAVE UP. Search Stop Time: 1495263105804

  phantomjs://platform/console++.js:263 in error
[ERROR - 2017-05-20T06:51:47.326Z] WebElementLocator - _handleLocateCommand - Element(s) NOT Found: GAVE UP. Search Stop Time: 1495263107278

  phantomjs://platform/console++.js:263 in error
[ERROR - 2017-05-20T06:51:48.745Z] WebElementLocator - _handleLocateCommand - Element(s) NOT Found: GAVE UP. Search Stop Time: 1495263108699

  phantomjs://platform/console++.js:263 in error
[ERROR - 2017-05-20T06:51:50.122Z] WebElementLocator - _handleLocateCommand - Element(s) NOT Found: GAVE UP. Search Stop Time: 1495263110121

  phantomjs://platform/console++.js:263 in error
[ERROR - 2017-05-20T06:51:51.594Z] WebElementLocator - _handleLocateCommand - Element(s) NOT Found: GAVE UP. Search Stop Time: 1495263111532

  phantomjs://platform/console++.js:263 in error
[ERROR - 2017-05-20T06:51:53.041Z] WebElementLocator - _handleLocateCommand - Element(s) NOT Found: GAVE UP. Search Stop Time: 1495263112996

  phantomjs://platform/console++.js:263 in error
[ERROR - 2017-05-20T06:51:59.408Z] WebElementLocator - _handleLocateCommand - Element(s) NOT Found: GAVE UP. Search Stop Time: 1495263119354

  phantomjs://platform/console++.js:263 in error
[ERROR - 2017-05-20T06:52:00.868Z] WebElementLocator - _handleLocateCommand - Element(s) NOT Found: GAVE UP. Search Stop Time: 1495263120832

  phantomjs://platform/console++.js:263 in error
[ERROR - 2017-05-20T06:52:02.290Z] WebElementLocator - _handleLocateCommand - Element(s) NOT Found: GAVE UP. Search Stop Time: 1495263122253

  phantomjs://platform/console++.js:263 in error
[ERROR - 2017-05-20T06:52:03.680Z] WebElementLocator - _handleLocateCommand - Element(s) NOT Found: GAVE UP. Search Stop Time: 1495263123678

  phantomjs://platform/console++.js:263 in error
[ERROR - 2017-05-20T06:52:05.100Z] WebElementLocator - _handleLocateCommand - Element(s) NOT Found: GAVE UP. Search Stop Time: 1495263125096

  phantomjs://platform/console++.js:263 in error
[ERROR - 2017-05-20T06:52:06.552Z] WebElementLocator - _handleLocateCommand - Element(s) NOT Found: GAVE UP. Search Stop Time: 1495263126495

  phantomjs://platform/console++.js:263 in error
[ERROR - 2017-05-20T06:52:10.775Z] Session [dda50d90-3d27-11e7-8dd8-358ba25a6ef9] - page.onError - msg: ReferenceError: Can't find variable: etag_ngx_str

  phantomjs://platform/console++.js:263 in error
[ERROR - 2017-05-20T06:52:10.775Z] Session [dda50d90-3d27-11e7-8dd8-358ba25a6ef9] - page.onError - stack:
  global code (http://beacon.sina.com.cn/h.js:1)

  phantomjs://platform/console++.js:263 in error
[ERROR - 2017-05-20T06:52:13.117Z] WebElementLocator - _handleLocateCommand - Element(s) NOT Found: GAVE UP. Search Stop Time: 1495263133061

  phantomjs://platform/console++.js:263 in error
[ERROR - 2017-05-20T06:52:14.594Z] WebElementLocator - _handleLocateCommand - Element(s) NOT Found: GAVE UP. Search Stop Time: 1495263134549

  phantomjs://platform/console++.js:263 in error
[ERROR - 2017-05-20T06:52:16.037Z] WebElementLocator - _handleLocateCommand - Element(s) NOT Found: GAVE UP. Search Stop Time: 1495263136030

  phantomjs://platform/console++.js:263 in error
[ERROR - 2017-05-20T06:52:17.533Z] WebElementLocator - _handleLocateCommand - Element(s) NOT Found: GAVE UP. Search Stop Time: 1495263137476

  phantomjs://platform/console++.js:263 in error
[ERROR - 2017-05-20T06:52:18.994Z] WebElementLocator - _handleLocateCommand - Element(s) NOT Found: GAVE UP. Search Stop Time: 1495263138970

  phantomjs://platform/console++.js:263 in error
[ERROR - 2017-05-20T06:52:20.373Z] WebElementLocator - _handleLocateCommand - Element(s) NOT Found: GAVE UP. Search Stop Time: 1495263140370

  phantomjs://platform/console++.js:263 in error
[ERROR - 2017-05-20T06:52:51.987Z] WebElementLocator - _handleLocateCommand - Element(s) NOT Found: GAVE UP. Search Stop Time: 1495263171962

  phantomjs://platform/console++.js:263 in error
[ERROR - 2017-05-20T06:52:53.463Z] WebElementLocator - _handleLocateCommand - Element(s) NOT Found: GAVE UP. Search Stop Time: 1495263173418

  phantomjs://platform/console++.js:263 in error
[ERROR - 2017-05-20T06:52:58.200Z] Session [dda50d90-3d27-11e7-8dd8-358ba25a6ef9] - page.onError - msg: ReferenceError: Can't find variable: etag_ngx_str

  phantomjs://platform/console++.js:263 in error
[ERROR - 2017-05-20T06:52:58.200Z] Session [dda50d90-3d27-11e7-8dd8-358ba25a6ef9] - page.onError - stack:
  global code (http://beacon.sina.com.cn/h.js:1)

  phantomjs://platform/console++.js:263 in error
[ERROR - 2017-05-20T06:53:00.465Z] WebElementLocator - _handleLocateCommand - Element(s) NOT Found: GAVE UP. Search Stop Time: 1495263180432

  phantomjs://platform/console++.js:263 in error
[ERROR - 2017-05-20T06:53:01.969Z] WebElementLocator - _handleLocateCommand - Element(s) NOT Found: GAVE UP. Search Stop Time: 1495263181924

  phantomjs://platform/console++.js:263 in error
[ERROR - 2017-05-20T06:53:03.395Z] WebElementLocator - _handleLocateCommand - Element(s) NOT Found: GAVE UP. Search Stop Time: 1495263183333

  phantomjs://platform/console++.js:263 in error
[ERROR - 2017-05-20T06:53:04.904Z] WebElementLocator - _handleLocateCommand - Element(s) NOT Found: GAVE UP. Search Stop Time: 1495263184844

  phantomjs://platform/console++.js:263 in error
[ERROR - 2017-05-20T06:53:06.265Z] WebElementLocator - _handleLocateCommand - Element(s) NOT Found: GAVE UP. Search Stop Time: 1495263186261

  phantomjs://platform/console++.js:263 in error
[ERROR - 2017-05-20T06:53:07.731Z] WebElementLocator - _handleLocateCommand - Element(s) NOT Found: GAVE UP. Search Stop Time: 1495263187667

  phantomjs://platform/console++.js:263 in error
[ERROR - 2017-05-20T06:53:31.096Z] WebElementLocator - _handleLocateCommand - Element(s) NOT Found: GAVE UP. Search Stop Time: 1495263211057

  phantomjs://platform/console++.js:263 in error
[ERROR - 2017-05-20T06:53:32.534Z] WebElementLocator - _handleLocateCommand - Element(s) NOT Found: GAVE UP. Search Stop Time: 1495263212496

  phantomjs://platform/console++.js:263 in error
[ERROR - 2017-05-20T06:53:46.382Z] WebElementLocator - _handleLocateCommand - Element(s) NOT Found: GAVE UP. Search Stop Time: 1495263226333

  phantomjs://platform/console++.js:263 in error
[ERROR - 2017-05-20T06:53:48.194Z] WebElementLocator - _handleLocateCommand - Element(s) NOT Found: GAVE UP. Search Stop Time: 1495263228132

  phantomjs://platform/console++.js:263 in error
[ERROR - 2017-05-20T06:53:49.910Z] WebElementLocator - _handleLocateCommand - Element(s) NOT Found: GAVE UP. Search Stop Time: 1495263229861

  phantomjs://platform/console++.js:263 in error
[ERROR - 2017-05-20T06:53:51.622Z] WebElementLocator - _handleLocateCommand - Element(s) NOT Found: GAVE UP. Search Stop Time: 1495263231579

  phantomjs://platform/console++.js:263 in error
[ERROR - 2017-05-20T06:53:53.331Z] WebElementLocator - _handleLocateCommand - Element(s) NOT Found: GAVE UP. Search Stop Time: 1495263233265

  phantomjs://platform/console++.js:263 in error
[ERROR - 2017-05-20T06:53:55.076Z] WebElementLocator - _handleLocateCommand - Element(s) NOT Found: GAVE UP. Search Stop Time: 1495263235028

  phantomjs://platform/console++.js:263 in error
[ERROR - 2017-05-20T06:53:56.854Z] WebElementLocator - _handleLocateCommand - Element(s) NOT Found: GAVE UP. Search Stop Time: 1495263236798

  phantomjs://platform/console++.js:263 in error
[ERROR - 2017-05-20T06:53:58.567Z] WebElementLocator - _handleLocateCommand - Element(s) NOT Found: GAVE UP. Search Stop Time: 1495263238514

  phantomjs://platform/console++.js:263 in error
[ERROR - 2017-05-20T06:54:00.285Z] WebElementLocator - _handleLocateCommand - Element(s) NOT Found: GAVE UP. Search Stop Time: 1495263240232

  phantomjs://platform/console++.js:263 in error
[ERROR - 2017-05-20T06:54:02.414Z] Session [dda50d90-3d27-11e7-8dd8-358ba25a6ef9] - page.onError - msg: ReferenceError: Can't find variable: etag_ngx_str

  phantomjs://platform/console++.js:263 in error
[ERROR - 2017-05-20T06:54:02.414Z] Session [dda50d90-3d27-11e7-8dd8-358ba25a6ef9] - page.onError - stack:
  global code (http://beacon.sina.com.cn/h.js:1)

  phantomjs://platform/console++.js:263 in error
[ERROR - 2017-05-20T06:54:07.511Z] WebElementLocator - _handleLocateCommand - Element(s) NOT Found: GAVE UP. Search Stop Time: 1495263247483

  phantomjs://platform/console++.js:263 in error
[ERROR - 2017-05-20T06:54:09.007Z] WebElementLocator - _handleLocateCommand - Element(s) NOT Found: GAVE UP. Search Stop Time: 1495263248951

  phantomjs://platform/console++.js:263 in error
[ERROR - 2017-05-20T06:54:10.425Z] WebElementLocator - _handleLocateCommand - Element(s) NOT Found: GAVE UP. Search Stop Time: 1495263250421

  phantomjs://platform/console++.js:263 in error
[ERROR - 2017-05-20T06:54:11.926Z] WebElementLocator - _handleLocateCommand - Element(s) NOT Found: GAVE UP. Search Stop Time: 1495263251897

  phantomjs://platform/console++.js:263 in error
[ERROR - 2017-05-20T06:54:13.403Z] WebElementLocator - _handleLocateCommand - Element(s) NOT Found: GAVE UP. Search Stop Time: 1495263253346

  phantomjs://platform/console++.js:263 in error
[ERROR - 2017-05-20T06:54:14.925Z] WebElementLocator - _handleLocateCommand - Element(s) NOT Found: GAVE UP. Search Stop Time: 1495263254883

  phantomjs://platform/console++.js:263 in error
[ERROR - 2017-05-20T06:54:21.314Z] WebElementLocator - _handleLocateCommand - Element(s) NOT Found: GAVE UP. Search Stop Time: 1495263261274

  phantomjs://platform/console++.js:263 in error
[ERROR - 2017-05-20T06:54:22.762Z] WebElementLocator - _handleLocateCommand - Element(s) NOT Found: GAVE UP. Search Stop Time: 1495263262716

  phantomjs://platform/console++.js:263 in error
[ERROR - 2017-05-20T06:54:24.199Z] WebElementLocator - _handleLocateCommand - Element(s) NOT Found: GAVE UP. Search Stop Time: 1495263264148

  phantomjs://platform/console++.js:263 in error
[ERROR - 2017-05-20T06:54:25.648Z] WebElementLocator - _handleLocateCommand - Element(s) NOT Found: GAVE UP. Search Stop Time: 1495263265620

  phantomjs://platform/console++.js:263 in error
[ERROR - 2017-05-20T06:54:26.509Z] WebElementLocator - _handleLocateCommand - Element(s) NOT Found: GAVE UP. Search Stop Time: 1495263266498

  phantomjs://platform/console++.js:263 in error
[ERROR - 2017-05-20T06:54:27.409Z] WebElementLocator - _handleLocateCommand - Element(s) NOT Found: GAVE UP. Search Stop Time: 1495263267354

  phantomjs://platform/console++.js:263 in error
[ERROR - 2017-05-20T06:54:33.039Z] Session [dda50d90-3d27-11e7-8dd8-358ba25a6ef9] - page.onError - msg: ReferenceError: Can't find variable: etag_ngx_str

  phantomjs://platform/console++.js:263 in error
[ERROR - 2017-05-20T06:54:33.039Z] Session [dda50d90-3d27-11e7-8dd8-358ba25a6ef9] - page.onError - stack:
  global code (http://beacon.sina.com.cn/h.js:1)

  phantomjs://platform/console++.js:263 in error
[ERROR - 2017-05-20T06:54:35.506Z] WebElementLocator - _handleLocateCommand - Element(s) NOT Found: GAVE UP. Search Stop Time: 1495263275451

  phantomjs://platform/console++.js:263 in error
[ERROR - 2017-05-20T06:54:37.022Z] WebElementLocator - _handleLocateCommand - Element(s) NOT Found: GAVE UP. Search Stop Time: 1495263276976

  phantomjs://platform/console++.js:263 in error
[ERROR - 2017-05-20T06:54:38.534Z] WebElementLocator - _handleLocateCommand - Element(s) NOT Found: GAVE UP. Search Stop Time: 1495263278481

  phantomjs://platform/console++.js:263 in error
[ERROR - 2017-05-20T06:54:39.988Z] WebElementLocator - _handleLocateCommand - Element(s) NOT Found: GAVE UP. Search Stop Time: 1495263279934

  phantomjs://platform/console++.js:263 in error
[ERROR - 2017-05-20T06:54:41.437Z] WebElementLocator - _handleLocateCommand - Element(s) NOT Found: GAVE UP. Search Stop Time: 1495263281431

  phantomjs://platform/console++.js:263 in error
[ERROR - 2017-05-20T06:54:42.945Z] WebElementLocator - _handleLocateCommand - Element(s) NOT Found: GAVE UP. Search Stop Time: 1495263282895

  phantomjs://platform/console++.js:263 in error
[ERROR - 2017-05-20T06:55:02.355Z] Session [dda50d90-3d27-11e7-8dd8-358ba25a6ef9] - page.onError - msg: ReferenceError: Can't find variable: etag_ngx_str

  phantomjs://platform/console++.js:263 in error
[ERROR - 2017-05-20T06:55:02.355Z] Session [dda50d90-3d27-11e7-8dd8-358ba25a6ef9] - page.onError - stack:
  global code (http://beacon.sina.com.cn/h.js:1)

  phantomjs://platform/console++.js:263 in error
[ERROR - 2017-05-20T06:55:04.601Z] WebElementLocator - _handleLocateCommand - Element(s) NOT Found: GAVE UP. Search Stop Time: 1495263304558

  phantomjs://platform/console++.js:263 in error
[ERROR - 2017-05-20T06:55:06.115Z] WebElementLocator - _handleLocateCommand - Element(s) NOT Found: GAVE UP. Search Stop Time: 1495263306055

  phantomjs://platform/console++.js:263 in error
[ERROR - 2017-05-20T06:55:07.568Z] WebElementLocator - _handleLocateCommand - Element(s) NOT Found: GAVE UP. Search Stop Time: 1495263307562

  phantomjs://platform/console++.js:263 in error
[INFO  - 2017-05-20T06:55:08.265Z] SessionManagerReqHand - _cleanupWindowlessSessions - Asynchronous Sessions clean-up phase starting NOW
[ERROR - 2017-05-20T06:55:09.013Z] WebElementLocator - _handleLocateCommand - Element(s) NOT Found: GAVE UP. Search Stop Time: 1495263308975

  phantomjs://platform/console++.js:263 in error
[ERROR - 2017-05-20T06:55:10.471Z] WebElementLocator - _handleLocateCommand - Element(s) NOT Found: GAVE UP. Search Stop Time: 1495263310440

  phantomjs://platform/console++.js:263 in error
[ERROR - 2017-05-20T06:55:11.915Z] WebElementLocator - _handleLocateCommand - Element(s) NOT Found: GAVE UP. Search Stop Time: 1495263311883

  phantomjs://platform/console++.js:263 in error
[ERROR - 2017-05-20T06:55:18.083Z] WebElementLocator - _handleLocateCommand - Element(s) NOT Found: GAVE UP. Search Stop Time: 1495263318024

  phantomjs://platform/console++.js:263 in error
[ERROR - 2017-05-20T06:55:19.620Z] WebElementLocator - _handleLocateCommand - Element(s) NOT Found: GAVE UP. Search Stop Time: 1495263319578

  phantomjs://platform/console++.js:263 in error
[ERROR - 2017-05-20T06:55:28.338Z] WebElementLocator - _handleLocateCommand - Element(s) NOT Found: GAVE UP. Search Stop Time: 1495263328287

  phantomjs://platform/console++.js:263 in error
[ERROR - 2017-05-20T06:55:30.054Z] WebElementLocator - _handleLocateCommand - Element(s) NOT Found: GAVE UP. Search Stop Time: 1495263330011

  phantomjs://platform/console++.js:263 in error
[ERROR - 2017-05-20T06:55:31.742Z] WebElementLocator - _handleLocateCommand - Element(s) NOT Found: GAVE UP. Search Stop Time: 1495263331681

  phantomjs://platform/console++.js:263 in error
[ERROR - 2017-05-20T06:55:33.442Z] WebElementLocator - _handleLocateCommand - Element(s) NOT Found: GAVE UP. Search Stop Time: 1495263333402

  phantomjs://platform/console++.js:263 in error
[ERROR - 2017-05-20T06:55:35.160Z] WebElementLocator - _handleLocateCommand - Element(s) NOT Found: GAVE UP. Search Stop Time: 1495263335105

  phantomjs://platform/console++.js:263 in error
[ERROR - 2017-05-20T06:55:36.969Z] WebElementLocator - _handleLocateCommand - Element(s) NOT Found: GAVE UP. Search Stop Time: 1495263336921

  phantomjs://platform/console++.js:263 in error
[ERROR - 2017-05-20T06:55:38.696Z] WebElementLocator - _handleLocateCommand - Element(s) NOT Found: GAVE UP. Search Stop Time: 1495263338643

  phantomjs://platform/console++.js:263 in error
[ERROR - 2017-05-20T06:55:40.368Z] WebElementLocator - _handleLocateCommand - Element(s) NOT Found: GAVE UP. Search Stop Time: 1495263340321

  phantomjs://platform/console++.js:263 in error
[ERROR - 2017-05-20T06:55:42.064Z] WebElementLocator - _handleLocateCommand - Element(s) NOT Found: GAVE UP. Search Stop Time: 1495263342019

  phantomjs://platform/console++.js:263 in error
[ERROR - 2017-05-20T06:55:45.422Z] Session [dda50d90-3d27-11e7-8dd8-358ba25a6ef9] - page.onError - msg: ReferenceError: Can't find variable: etag_ngx_str

  phantomjs://platform/console++.js:263 in error
[ERROR - 2017-05-20T06:55:45.422Z] Session [dda50d90-3d27-11e7-8dd8-358ba25a6ef9] - page.onError - stack:
  global code (http://beacon.sina.com.cn/h.js:1)

  phantomjs://platform/console++.js:263 in error
[ERROR - 2017-05-20T06:55:46.692Z] Session [dda50d90-3d27-11e7-8dd8-358ba25a6ef9] - page.onError - msg: ReferenceError: Can't find variable: etag_ngx_str

  phantomjs://platform/console++.js:263 in error
[ERROR - 2017-05-20T06:55:46.692Z] Session [dda50d90-3d27-11e7-8dd8-358ba25a6ef9] - page.onError - stack:
  global code (http://beacon.sina.com.cn/h.js:1)

  phantomjs://platform/console++.js:263 in error
[ERROR - 2017-05-20T06:55:48.962Z] WebElementLocator - _handleLocateCommand - Element(s) NOT Found: GAVE UP. Search Stop Time: 1495263348906

  phantomjs://platform/console++.js:263 in error
[ERROR - 2017-05-20T06:55:50.431Z] WebElementLocator - _handleLocateCommand - Element(s) NOT Found: GAVE UP. Search Stop Time: 1495263350385

  phantomjs://platform/console++.js:263 in error
[ERROR - 2017-05-20T06:55:51.903Z] WebElementLocator - _handleLocateCommand - Element(s) NOT Found: GAVE UP. Search Stop Time: 1495263351861

  phantomjs://platform/console++.js:263 in error
[ERROR - 2017-05-20T06:55:53.332Z] WebElementLocator - _handleLocateCommand - Element(s) NOT Found: GAVE UP. Search Stop Time: 1495263353292

  phantomjs://platform/console++.js:263 in error
[ERROR - 2017-05-20T06:55:54.803Z] WebElementLocator - _handleLocateCommand - Element(s) NOT Found: GAVE UP. Search Stop Time: 1495263354764

  phantomjs://platform/console++.js:263 in error
[ERROR - 2017-05-20T06:55:56.205Z] WebElementLocator - _handleLocateCommand - Element(s) NOT Found: GAVE UP. Search Stop Time: 1495263356176

  phantomjs://platform/console++.js:263 in error
[ERROR - 2017-05-20T06:56:15.626Z] Session [dda50d90-3d27-11e7-8dd8-358ba25a6ef9] - page.onError - msg: ReferenceError: Can't find variable: etag_ngx_str

  phantomjs://platform/console++.js:263 in error
[ERROR - 2017-05-20T06:56:15.626Z] Session [dda50d90-3d27-11e7-8dd8-358ba25a6ef9] - page.onError - stack:
  global code (http://beacon.sina.com.cn/h.js:1)

  phantomjs://platform/console++.js:263 in error
[ERROR - 2017-05-20T06:56:18.019Z] WebElementLocator - _handleLocateCommand - Element(s) NOT Found: GAVE UP. Search Stop Time: 1495263377973

  phantomjs://platform/console++.js:263 in error
[ERROR - 2017-05-20T06:56:19.526Z] WebElementLocator - _handleLocateCommand - Element(s) NOT Found: GAVE UP. Search Stop Time: 1495263379467

  phantomjs://platform/console++.js:263 in error
[ERROR - 2017-05-20T06:56:21.038Z] WebElementLocator - _handleLocateCommand - Element(s) NOT Found: GAVE UP. Search Stop Time: 1495263380978

  phantomjs://platform/console++.js:263 in error
[ERROR - 2017-05-20T06:56:22.485Z] WebElementLocator - _handleLocateCommand - Element(s) NOT Found: GAVE UP. Search Stop Time: 1495263382449

  phantomjs://platform/console++.js:263 in error
[ERROR - 2017-05-20T06:56:23.906Z] WebElementLocator - _handleLocateCommand - Element(s) NOT Found: GAVE UP. Search Stop Time: 1495263383868

  phantomjs://platform/console++.js:263 in error
[ERROR - 2017-05-20T06:56:25.318Z] WebElementLocator - _handleLocateCommand - Element(s) NOT Found: GAVE UP. Search Stop Time: 1495263385308

  phantomjs://platform/console++.js:263 in error
[ERROR - 2017-05-20T06:56:35.499Z] WebElementLocator - _handleLocateCommand - Element(s) NOT Found: GAVE UP. Search Stop Time: 1495263395440

  phantomjs://platform/console++.js:263 in error
[ERROR - 2017-05-20T06:56:37.003Z] WebElementLocator - _handleLocateCommand - Element(s) NOT Found: GAVE UP. Search Stop Time: 1495263396957

  phantomjs://platform/console++.js:263 in error
[ERROR - 2017-05-20T06:56:44.823Z] WebElementLocator - _handleLocateCommand - Element(s) NOT Found: GAVE UP. Search Stop Time: 1495263404776

  phantomjs://platform/console++.js:263 in error
[ERROR - 2017-05-20T06:56:46.538Z] WebElementLocator - _handleLocateCommand - Element(s) NOT Found: GAVE UP. Search Stop Time: 1495263406486

  phantomjs://platform/console++.js:263 in error
[ERROR - 2017-05-20T06:56:48.229Z] WebElementLocator - _handleLocateCommand - Element(s) NOT Found: GAVE UP. Search Stop Time: 1495263408167

  phantomjs://platform/console++.js:263 in error
[ERROR - 2017-05-20T06:56:49.974Z] WebElementLocator - _handleLocateCommand - Element(s) NOT Found: GAVE UP. Search Stop Time: 1495263409929

  phantomjs://platform/console++.js:263 in error
[ERROR - 2017-05-20T06:56:51.672Z] WebElementLocator - _handleLocateCommand - Element(s) NOT Found: GAVE UP. Search Stop Time: 1495263411615

  phantomjs://platform/console++.js:263 in error
[ERROR - 2017-05-20T06:56:53.391Z] WebElementLocator - _handleLocateCommand - Element(s) NOT Found: GAVE UP. Search Stop Time: 1495263413334

  phantomjs://platform/console++.js:263 in error
[ERROR - 2017-05-20T06:56:55.089Z] WebElementLocator - _handleLocateCommand - Element(s) NOT Found: GAVE UP. Search Stop Time: 1495263415032

  phantomjs://platform/console++.js:263 in error
[ERROR - 2017-05-20T06:56:56.849Z] WebElementLocator - _handleLocateCommand - Element(s) NOT Found: GAVE UP. Search Stop Time: 1495263416804

  phantomjs://platform/console++.js:263 in error
[ERROR - 2017-05-20T06:56:58.552Z] WebElementLocator - _handleLocateCommand - Element(s) NOT Found: GAVE UP. Search Stop Time: 1495263418498

  phantomjs://platform/console++.js:263 in error
[ERROR - 2017-05-20T06:57:01.830Z] Session [dda50d90-3d27-11e7-8dd8-358ba25a6ef9] - page.onError - msg: ReferenceError: Can't find variable: etag_ngx_str

  phantomjs://platform/console++.js:263 in error
[ERROR - 2017-05-20T06:57:01.830Z] Session [dda50d90-3d27-11e7-8dd8-358ba25a6ef9] - page.onError - stack:
  global code (http://beacon.sina.com.cn/h.js:1)

  phantomjs://platform/console++.js:263 in error
[ERROR - 2017-05-20T06:57:03.221Z] Session [dda50d90-3d27-11e7-8dd8-358ba25a6ef9] - page.onError - msg: ReferenceError: Can't find variable: etag_ngx_str

  phantomjs://platform/console++.js:263 in error
[ERROR - 2017-05-20T06:57:03.222Z] Session [dda50d90-3d27-11e7-8dd8-358ba25a6ef9] - page.onError - stack:
  global code (http://beacon.sina.com.cn/h.js:1)

  phantomjs://platform/console++.js:263 in error
[ERROR - 2017-05-20T06:57:05.622Z] WebElementLocator - _handleLocateCommand - Element(s) NOT Found: GAVE UP. Search Stop Time: 1495263425570

  phantomjs://platform/console++.js:263 in error
[ERROR - 2017-05-20T06:57:07.106Z] WebElementLocator - _handleLocateCommand - Element(s) NOT Found: GAVE UP. Search Stop Time: 1495263427053

  phantomjs://platform/console++.js:263 in error
[ERROR - 2017-05-20T06:57:08.572Z] WebElementLocator - _handleLocateCommand - Element(s) NOT Found: GAVE UP. Search Stop Time: 1495263428505

  phantomjs://platform/console++.js:263 in error
[ERROR - 2017-05-20T06:57:10.050Z] WebElementLocator - _handleLocateCommand - Element(s) NOT Found: GAVE UP. Search Stop Time: 1495263430000

  phantomjs://platform/console++.js:263 in error
[ERROR - 2017-05-20T06:57:11.578Z] WebElementLocator - _handleLocateCommand - Element(s) NOT Found: GAVE UP. Search Stop Time: 1495263431532

  phantomjs://platform/console++.js:263 in error
[ERROR - 2017-05-20T06:57:13.043Z] WebElementLocator - _handleLocateCommand - Element(s) NOT Found: GAVE UP. Search Stop Time: 1495263433008

  phantomjs://platform/console++.js:263 in error
[ERROR - 2017-05-20T06:57:29.146Z] WebElementLocator - _handleLocateCommand - Element(s) NOT Found: GAVE UP. Search Stop Time: 1495263449098

  phantomjs://platform/console++.js:263 in error
[ERROR - 2017-05-20T06:57:30.687Z] WebElementLocator - _handleLocateCommand - Element(s) NOT Found: GAVE UP. Search Stop Time: 1495263450636

  phantomjs://platform/console++.js:263 in error
[ERROR - 2017-05-20T06:57:35.823Z] Session [dda50d90-3d27-11e7-8dd8-358ba25a6ef9] - page.onError - msg: ReferenceError: Can't find variable: etag_ngx_str

  phantomjs://platform/console++.js:263 in error
[ERROR - 2017-05-20T06:57:35.823Z] Session [dda50d90-3d27-11e7-8dd8-358ba25a6ef9] - page.onError - stack:
  global code (http://beacon.sina.com.cn/h.js:1)

  phantomjs://platform/console++.js:263 in error
[ERROR - 2017-05-20T06:57:38.144Z] WebElementLocator - _handleLocateCommand - Element(s) NOT Found: GAVE UP. Search Stop Time: 1495263458113

  phantomjs://platform/console++.js:263 in error
[ERROR - 2017-05-20T06:57:39.664Z] WebElementLocator - _handleLocateCommand - Element(s) NOT Found: GAVE UP. Search Stop Time: 1495263459617

  phantomjs://platform/console++.js:263 in error
[ERROR - 2017-05-20T06:57:41.138Z] WebElementLocator - _handleLocateCommand - Element(s) NOT Found: GAVE UP. Search Stop Time: 1495263461081

  phantomjs://platform/console++.js:263 in error
[ERROR - 2017-05-20T06:57:42.606Z] WebElementLocator - _handleLocateCommand - Element(s) NOT Found: GAVE UP. Search Stop Time: 1495263462545

  phantomjs://platform/console++.js:263 in error
[ERROR - 2017-05-20T06:57:44.053Z] WebElementLocator - _handleLocateCommand - Element(s) NOT Found: GAVE UP. Search Stop Time: 1495263464010

  phantomjs://platform/console++.js:263 in error
[ERROR - 2017-05-20T06:57:45.537Z] WebElementLocator - _handleLocateCommand - Element(s) NOT Found: GAVE UP. Search Stop Time: 1495263465478

  phantomjs://platform/console++.js:263 in error
[ERROR - 2017-05-20T06:58:01.046Z] WebElementLocator - _handleLocateCommand - Element(s) NOT Found: GAVE UP. Search Stop Time: 1495263480993

  phantomjs://platform/console++.js:263 in error
[ERROR - 2017-05-20T06:58:02.500Z] WebElementLocator - _handleLocateCommand - Element(s) NOT Found: GAVE UP. Search Stop Time: 1495263482471

  phantomjs://platform/console++.js:263 in error
[ERROR - 2017-05-20T06:58:03.916Z] WebElementLocator - _handleLocateCommand - Element(s) NOT Found: GAVE UP. Search Stop Time: 1495263483883

  phantomjs://platform/console++.js:263 in error
[ERROR - 2017-05-20T06:58:08.957Z] Session [dda50d90-3d27-11e7-8dd8-358ba25a6ef9] - page.onError - msg: ReferenceError: Can't find variable: etag_ngx_str

  phantomjs://platform/console++.js:263 in error
[ERROR - 2017-05-20T06:58:08.957Z] Session [dda50d90-3d27-11e7-8dd8-358ba25a6ef9] - page.onError - stack:
  global code (http://beacon.sina.com.cn/h.js:1)

  phantomjs://platform/console++.js:263 in error
[ERROR - 2017-05-20T06:58:11.417Z] WebElementLocator - _handleLocateCommand - Element(s) NOT Found: GAVE UP. Search Stop Time: 1495263491376

  phantomjs://platform/console++.js:263 in error
[ERROR - 2017-05-20T06:58:12.900Z] WebElementLocator - _handleLocateCommand - Element(s) NOT Found: GAVE UP. Search Stop Time: 1495263492845

  phantomjs://platform/console++.js:263 in error
[ERROR - 2017-05-20T06:58:14.346Z] WebElementLocator - _handleLocateCommand - Element(s) NOT Found: GAVE UP. Search Stop Time: 1495263494292

  phantomjs://platform/console++.js:263 in error
[ERROR - 2017-05-20T06:58:15.751Z] WebElementLocator - _handleLocateCommand - Element(s) NOT Found: GAVE UP. Search Stop Time: 1495263495718

  phantomjs://platform/console++.js:263 in error
[ERROR - 2017-05-20T06:58:17.162Z] WebElementLocator - _handleLocateCommand - Element(s) NOT Found: GAVE UP. Search Stop Time: 1495263497108

  phantomjs://platform/console++.js:263 in error
[ERROR - 2017-05-20T06:58:18.589Z] WebElementLocator - _handleLocateCommand - Element(s) NOT Found: GAVE UP. Search Stop Time: 1495263498557

  phantomjs://platform/console++.js:263 in error
[ERROR - 2017-05-20T06:58:24.736Z] WebElementLocator - _handleLocateCommand - Element(s) NOT Found: GAVE UP. Search Stop Time: 1495263504697

  phantomjs://platform/console++.js:263 in error
[ERROR - 2017-05-20T06:58:26.163Z] WebElementLocator - _handleLocateCommand - Element(s) NOT Found: GAVE UP. Search Stop Time: 1495263506119

  phantomjs://platform/console++.js:263 in error
[ERROR - 2017-05-20T06:58:27.608Z] WebElementLocator - _handleLocateCommand - Element(s) NOT Found: GAVE UP. Search Stop Time: 1495263507585

  phantomjs://platform/console++.js:263 in error
[ERROR - 2017-05-20T06:58:31.635Z] Session [dda50d90-3d27-11e7-8dd8-358ba25a6ef9] - page.onError - msg: ReferenceError: Can't find variable: etag_ngx_str

  phantomjs://platform/console++.js:263 in error
[ERROR - 2017-05-20T06:58:31.635Z] Session [dda50d90-3d27-11e7-8dd8-358ba25a6ef9] - page.onError - stack:
  global code (http://beacon.sina.com.cn/h.js:1)

  phantomjs://platform/console++.js:263 in error
[ERROR - 2017-05-20T06:58:33.722Z] WebElementLocator - _handleLocateCommand - Element(s) NOT Found: GAVE UP. Search Stop Time: 1495263513679

  phantomjs://platform/console++.js:263 in error
[ERROR - 2017-05-20T06:58:35.177Z] WebElementLocator - _handleLocateCommand - Element(s) NOT Found: GAVE UP. Search Stop Time: 1495263515121

  phantomjs://platform/console++.js:263 in error
[ERROR - 2017-05-20T06:58:36.658Z] WebElementLocator - _handleLocateCommand - Element(s) NOT Found: GAVE UP. Search Stop Time: 1495263516596

  phantomjs://platform/console++.js:263 in error
[ERROR - 2017-05-20T06:58:38.113Z] WebElementLocator - _handleLocateCommand - Element(s) NOT Found: GAVE UP. Search Stop Time: 1495263518071

  phantomjs://platform/console++.js:263 in error
[ERROR - 2017-05-20T06:58:39.573Z] WebElementLocator - _handleLocateCommand - Element(s) NOT Found: GAVE UP. Search Stop Time: 1495263519517

  phantomjs://platform/console++.js:263 in error
[ERROR - 2017-05-20T06:58:40.980Z] WebElementLocator - _handleLocateCommand - Element(s) NOT Found: GAVE UP. Search Stop Time: 1495263520946

  phantomjs://platform/console++.js:263 in error
[ERROR - 2017-05-20T06:59:06.266Z] WebElementLocator - _handleLocateCommand - Element(s) NOT Found: GAVE UP. Search Stop Time: 1495263546233

  phantomjs://platform/console++.js:263 in error
[ERROR - 2017-05-20T06:59:07.724Z] WebElementLocator - _handleLocateCommand - Element(s) NOT Found: GAVE UP. Search Stop Time: 1495263547680

  phantomjs://platform/console++.js:263 in error
[ERROR - 2017-05-20T06:59:19.263Z] WebElementLocator - _handleLocateCommand - Element(s) NOT Found: GAVE UP. Search Stop Time: 1495263559260

  phantomjs://platform/console++.js:263 in error
[ERROR - 2017-05-20T06:59:21.025Z] WebElementLocator - _handleLocateCommand - Element(s) NOT Found: GAVE UP. Search Stop Time: 1495263560975

  phantomjs://platform/console++.js:263 in error
[ERROR - 2017-05-20T06:59:22.766Z] WebElementLocator - _handleLocateCommand - Element(s) NOT Found: GAVE UP. Search Stop Time: 1495263562715

  phantomjs://platform/console++.js:263 in error
[ERROR - 2017-05-20T06:59:24.431Z] WebElementLocator - _handleLocateCommand - Element(s) NOT Found: GAVE UP. Search Stop Time: 1495263564389

  phantomjs://platform/console++.js:263 in error
[ERROR - 2017-05-20T06:59:26.174Z] WebElementLocator - _handleLocateCommand - Element(s) NOT Found: GAVE UP. Search Stop Time: 1495263566117

  phantomjs://platform/console++.js:263 in error
[ERROR - 2017-05-20T06:59:27.912Z] WebElementLocator - _handleLocateCommand - Element(s) NOT Found: GAVE UP. Search Stop Time: 1495263567886

  phantomjs://platform/console++.js:263 in error
[ERROR - 2017-05-20T06:59:29.620Z] WebElementLocator - _handleLocateCommand - Element(s) NOT Found: GAVE UP. Search Stop Time: 1495263569561

  phantomjs://platform/console++.js:263 in error
[ERROR - 2017-05-20T06:59:31.342Z] WebElementLocator - _handleLocateCommand - Element(s) NOT Found: GAVE UP. Search Stop Time: 1495263571283

  phantomjs://platform/console++.js:263 in error
[ERROR - 2017-05-20T06:59:33.112Z] WebElementLocator - _handleLocateCommand - Element(s) NOT Found: GAVE UP. Search Stop Time: 1495263573060

  phantomjs://platform/console++.js:263 in error
[ERROR - 2017-05-20T06:59:36.528Z] Session [dda50d90-3d27-11e7-8dd8-358ba25a6ef9] - page.onError - msg: ReferenceError: Can't find variable: etag_ngx_str

  phantomjs://platform/console++.js:263 in error
[ERROR - 2017-05-20T06:59:36.529Z] Session [dda50d90-3d27-11e7-8dd8-358ba25a6ef9] - page.onError - stack:
  global code (http://beacon.sina.com.cn/h.js:1)

  phantomjs://platform/console++.js:263 in error
[ERROR - 2017-05-20T06:59:37.767Z] Session [dda50d90-3d27-11e7-8dd8-358ba25a6ef9] - page.onError - msg: ReferenceError: Can't find variable: etag_ngx_str

  phantomjs://platform/console++.js:263 in error
[ERROR - 2017-05-20T06:59:37.767Z] Session [dda50d90-3d27-11e7-8dd8-358ba25a6ef9] - page.onError - stack:
  global code (http://beacon.sina.com.cn/h.js:1)

  phantomjs://platform/console++.js:263 in error
[ERROR - 2017-05-20T06:59:39.986Z] WebElementLocator - _handleLocateCommand - Element(s) NOT Found: GAVE UP. Search Stop Time: 1495263579963

  phantomjs://platform/console++.js:263 in error
[ERROR - 2017-05-20T06:59:41.456Z] WebElementLocator - _handleLocateCommand - Element(s) NOT Found: GAVE UP. Search Stop Time: 1495263581404

  phantomjs://platform/console++.js:263 in error
[ERROR - 2017-05-20T06:59:42.881Z] WebElementLocator - _handleLocateCommand - Element(s) NOT Found: GAVE UP. Search Stop Time: 1495263582846

  phantomjs://platform/console++.js:263 in error
[ERROR - 2017-05-20T06:59:44.299Z] WebElementLocator - _handleLocateCommand - Element(s) NOT Found: GAVE UP. Search Stop Time: 1495263584254

  phantomjs://platform/console++.js:263 in error
[ERROR - 2017-05-20T06:59:45.860Z] WebElementLocator - _handleLocateCommand - Element(s) NOT Found: GAVE UP. Search Stop Time: 1495263585816

  phantomjs://platform/console++.js:263 in error
[ERROR - 2017-05-20T06:59:47.347Z] WebElementLocator - _handleLocateCommand - Element(s) NOT Found: GAVE UP. Search Stop Time: 1495263587301

  phantomjs://platform/console++.js:263 in error
[ERROR - 2017-05-20T06:59:56.647Z] WebElementLocator - _handleLocateCommand - Element(s) NOT Found: GAVE UP. Search Stop Time: 1495263596605

  phantomjs://platform/console++.js:263 in error
[ERROR - 2017-05-20T06:59:58.123Z] WebElementLocator - _handleLocateCommand - Element(s) NOT Found: GAVE UP. Search Stop Time: 1495263598078

  phantomjs://platform/console++.js:263 in error
[ERROR - 2017-05-20T06:59:59.601Z] WebElementLocator - _handleLocateCommand - Element(s) NOT Found: GAVE UP. Search Stop Time: 1495263599582

  phantomjs://platform/console++.js:263 in error
[INFO  - 2017-05-20T07:00:08.299Z] SessionManagerReqHand - _cleanupWindowlessSessions - Asynchronous Sessions clean-up phase starting NOW
[ERROR - 2017-05-20T07:00:25.824Z] Session [dda50d90-3d27-11e7-8dd8-358ba25a6ef9] - page.onError - msg: ReferenceError: Can't find variable: etag_ngx_str

  phantomjs://platform/console++.js:263 in error
[ERROR - 2017-05-20T07:00:25.824Z] Session [dda50d90-3d27-11e7-8dd8-358ba25a6ef9] - page.onError - stack:
  global code (http://beacon.sina.com.cn/h.js:1)

  phantomjs://platform/console++.js:263 in error
[ERROR - 2017-05-20T07:00:30.827Z] WebElementLocator - _handleLocateCommand - Element(s) NOT Found: GAVE UP. Search Stop Time: 1495263630778

  phantomjs://platform/console++.js:263 in error
[ERROR - 2017-05-20T07:00:32.293Z] WebElementLocator - _handleLocateCommand - Element(s) NOT Found: GAVE UP. Search Stop Time: 1495263632238

  phantomjs://platform/console++.js:263 in error
[ERROR - 2017-05-20T07:00:33.734Z] WebElementLocator - _handleLocateCommand - Element(s) NOT Found: GAVE UP. Search Stop Time: 1495263633677

  phantomjs://platform/console++.js:263 in error
[ERROR - 2017-05-20T07:00:35.179Z] WebElementLocator - _handleLocateCommand - Element(s) NOT Found: GAVE UP. Search Stop Time: 1495263635126

  phantomjs://platform/console++.js:263 in error
[ERROR - 2017-05-20T07:00:36.637Z] WebElementLocator - _handleLocateCommand - Element(s) NOT Found: GAVE UP. Search Stop Time: 1495263636592

  phantomjs://platform/console++.js:263 in error
[ERROR - 2017-05-20T07:00:38.055Z] WebElementLocator - _handleLocateCommand - Element(s) NOT Found: GAVE UP. Search Stop Time: 1495263638010

  phantomjs://platform/console++.js:263 in error
[ERROR - 2017-05-20T07:00:57.438Z] WebElementLocator - _handleLocateCommand - Element(s) NOT Found: GAVE UP. Search Stop Time: 1495263657391

  phantomjs://platform/console++.js:263 in error
[ERROR - 2017-05-20T07:01:11.728Z] WebElementLocator - _handleLocateCommand - Element(s) NOT Found: GAVE UP. Search Stop Time: 1495263671700

  phantomjs://platform/console++.js:263 in error
[ERROR - 2017-05-20T07:01:13.457Z] WebElementLocator - _handleLocateCommand - Element(s) NOT Found: GAVE UP. Search Stop Time: 1495263673410

  phantomjs://platform/console++.js:263 in error
[ERROR - 2017-05-20T07:01:15.178Z] WebElementLocator - _handleLocateCommand - Element(s) NOT Found: GAVE UP. Search Stop Time: 1495263675123

  phantomjs://platform/console++.js:263 in error
[ERROR - 2017-05-20T07:01:16.921Z] WebElementLocator - _handleLocateCommand - Element(s) NOT Found: GAVE UP. Search Stop Time: 1495263676880

  phantomjs://platform/console++.js:263 in error
[ERROR - 2017-05-20T07:01:18.607Z] WebElementLocator - _handleLocateCommand - Element(s) NOT Found: GAVE UP. Search Stop Time: 1495263678562

  phantomjs://platform/console++.js:263 in error
[ERROR - 2017-05-20T07:01:20.283Z] WebElementLocator - _handleLocateCommand - Element(s) NOT Found: GAVE UP. Search Stop Time: 1495263680281

  phantomjs://platform/console++.js:263 in error
[ERROR - 2017-05-20T07:01:22.069Z] WebElementLocator - _handleLocateCommand - Element(s) NOT Found: GAVE UP. Search Stop Time: 1495263682025

  phantomjs://platform/console++.js:263 in error
[ERROR - 2017-05-20T07:01:23.785Z] WebElementLocator - _handleLocateCommand - Element(s) NOT Found: GAVE UP. Search Stop Time: 1495263683730

  phantomjs://platform/console++.js:263 in error
[ERROR - 2017-05-20T07:01:25.443Z] WebElementLocator - _handleLocateCommand - Element(s) NOT Found: GAVE UP. Search Stop Time: 1495263685427

  phantomjs://platform/console++.js:263 in error
[ERROR - 2017-05-20T07:01:28.825Z] Session [dda50d90-3d27-11e7-8dd8-358ba25a6ef9] - page.onError - msg: ReferenceError: Can't find variable: etag_ngx_str

  phantomjs://platform/console++.js:263 in error
[ERROR - 2017-05-20T07:01:28.825Z] Session [dda50d90-3d27-11e7-8dd8-358ba25a6ef9] - page.onError - stack:
  global code (http://beacon.sina.com.cn/h.js:1)

  phantomjs://platform/console++.js:263 in error
[ERROR - 2017-05-20T07:01:30.145Z] Session [dda50d90-3d27-11e7-8dd8-358ba25a6ef9] - page.onError - msg: ReferenceError: Can't find variable: etag_ngx_str

  phantomjs://platform/console++.js:263 in error
[ERROR - 2017-05-20T07:01:30.145Z] Session [dda50d90-3d27-11e7-8dd8-358ba25a6ef9] - page.onError - stack:
  global code (http://beacon.sina.com.cn/h.js:1)

  phantomjs://platform/console++.js:263 in error
[ERROR - 2017-05-20T07:01:32.460Z] WebElementLocator - _handleLocateCommand - Element(s) NOT Found: GAVE UP. Search Stop Time: 1495263692421

  phantomjs://platform/console++.js:263 in error
[ERROR - 2017-05-20T07:01:33.935Z] WebElementLocator - _handleLocateCommand - Element(s) NOT Found: GAVE UP. Search Stop Time: 1495263693874

  phantomjs://platform/console++.js:263 in error
[ERROR - 2017-05-20T07:01:35.474Z] WebElementLocator - _handleLocateCommand - Element(s) NOT Found: GAVE UP. Search Stop Time: 1495263695418

  phantomjs://platform/console++.js:263 in error
[ERROR - 2017-05-20T07:01:36.980Z] WebElementLocator - _handleLocateCommand - Element(s) NOT Found: GAVE UP. Search Stop Time: 1495263696926

  phantomjs://platform/console++.js:263 in error
[ERROR - 2017-05-20T07:01:38.429Z] WebElementLocator - _handleLocateCommand - Element(s) NOT Found: GAVE UP. Search Stop Time: 1495263698387

  phantomjs://platform/console++.js:263 in error
[ERROR - 2017-05-20T07:01:39.859Z] WebElementLocator - _handleLocateCommand - Element(s) NOT Found: GAVE UP. Search Stop Time: 1495263699822

  phantomjs://platform/console++.js:263 in error
[ERROR - 2017-05-20T07:01:52.108Z] WebElementLocator - _handleLocateCommand - Element(s) NOT Found: GAVE UP. Search Stop Time: 1495263712074

  phantomjs://platform/console++.js:263 in error
[ERROR - 2017-05-20T07:01:53.576Z] WebElementLocator - _handleLocateCommand - Element(s) NOT Found: GAVE UP. Search Stop Time: 1495263713525

  phantomjs://platform/console++.js:263 in error
[ERROR - 2017-05-20T07:01:58.338Z] Session [dda50d90-3d27-11e7-8dd8-358ba25a6ef9] - page.onError - msg: ReferenceError: Can't find variable: etag_ngx_str

  phantomjs://platform/console++.js:263 in error
[ERROR - 2017-05-20T07:01:58.338Z] Session [dda50d90-3d27-11e7-8dd8-358ba25a6ef9] - page.onError - stack:
  global code (http://beacon.sina.com.cn/h.js:1)

  phantomjs://platform/console++.js:263 in error
[ERROR - 2017-05-20T07:02:00.796Z] WebElementLocator - _handleLocateCommand - Element(s) NOT Found: GAVE UP. Search Stop Time: 1495263720771

  phantomjs://platform/console++.js:263 in error
[ERROR - 2017-05-20T07:02:02.238Z] WebElementLocator - _handleLocateCommand - Element(s) NOT Found: GAVE UP. Search Stop Time: 1495263722185

  phantomjs://platform/console++.js:263 in error
[ERROR - 2017-05-20T07:02:03.679Z] WebElementLocator - _handleLocateCommand - Element(s) NOT Found: GAVE UP. Search Stop Time: 1495263723618

  phantomjs://platform/console++.js:263 in error
[ERROR - 2017-05-20T07:02:04.401Z] Session [dda50d90-3d27-11e7-8dd8-358ba25a6ef9] - page.onError - msg: ReferenceError: Can't find variable: wload

  phantomjs://platform/console++.js:263 in error
[ERROR - 2017-05-20T07:02:04.401Z] Session [dda50d90-3d27-11e7-8dd8-358ba25a6ef9] - page.onError - stack:
  global code (https://passport.weibo.com/visitor/visitor?from=iframe:37)

  phantomjs://platform/console++.js:263 in error
[ERROR - 2017-05-20T07:02:05.111Z] WebElementLocator - _handleLocateCommand - Element(s) NOT Found: GAVE UP. Search Stop Time: 1495263725070

  phantomjs://platform/console++.js:263 in error
[ERROR - 2017-05-20T07:02:06.581Z] WebElementLocator - _handleLocateCommand - Element(s) NOT Found: GAVE UP. Search Stop Time: 1495263726523

  phantomjs://platform/console++.js:263 in error
[ERROR - 2017-05-20T07:02:08.012Z] WebElementLocator - _handleLocateCommand - Element(s) NOT Found: GAVE UP. Search Stop Time: 1495263727965

  phantomjs://platform/console++.js:263 in error
[ERROR - 2017-05-20T07:02:29.865Z] WebElementLocator - _handleLocateCommand - Element(s) NOT Found: GAVE UP. Search Stop Time: 1495263749820

  phantomjs://platform/console++.js:263 in error
[ERROR - 2017-05-20T07:02:31.261Z] WebElementLocator - _handleLocateCommand - Element(s) NOT Found: GAVE UP. Search Stop Time: 1495263751260

  phantomjs://platform/console++.js:263 in error
[ERROR - 2017-05-20T07:02:32.694Z] WebElementLocator - _handleLocateCommand - Element(s) NOT Found: GAVE UP. Search Stop Time: 1495263752666

  phantomjs://platform/console++.js:263 in error
[ERROR - 2017-05-20T07:02:33.452Z] WebElementLocator - _handleLocateCommand - Element(s) NOT Found: GAVE UP. Search Stop Time: 1495263753399

  phantomjs://platform/console++.js:263 in error
[ERROR - 2017-05-20T07:02:34.392Z] WebElementLocator - _handleLocateCommand - Element(s) NOT Found: GAVE UP. Search Stop Time: 1495263754338

  phantomjs://platform/console++.js:263 in error
[ERROR - 2017-05-20T07:02:35.284Z] WebElementLocator - _handleLocateCommand - Element(s) NOT Found: GAVE UP. Search Stop Time: 1495263755233

  phantomjs://platform/console++.js:263 in error
[ERROR - 2017-05-20T07:02:47.729Z] WebElementLocator - _handleLocateCommand - Element(s) NOT Found: GAVE UP. Search Stop Time: 1495263767664

  phantomjs://platform/console++.js:263 in error
[ERROR - 2017-05-20T07:02:49.527Z] WebElementLocator - _handleLocateCommand - Element(s) NOT Found: GAVE UP. Search Stop Time: 1495263769464

  phantomjs://platform/console++.js:263 in error
[ERROR - 2017-05-20T07:02:51.255Z] WebElementLocator - _handleLocateCommand - Element(s) NOT Found: GAVE UP. Search Stop Time: 1495263771199

  phantomjs://platform/console++.js:263 in error
[ERROR - 2017-05-20T07:02:53.032Z] WebElementLocator - _handleLocateCommand - Element(s) NOT Found: GAVE UP. Search Stop Time: 1495263772981

  phantomjs://platform/console++.js:263 in error
[ERROR - 2017-05-20T07:02:54.707Z] WebElementLocator - _handleLocateCommand - Element(s) NOT Found: GAVE UP. Search Stop Time: 1495263774699

  phantomjs://platform/console++.js:263 in error
[ERROR - 2017-05-20T07:02:56.434Z] WebElementLocator - _handleLocateCommand - Element(s) NOT Found: GAVE UP. Search Stop Time: 1495263776385

  phantomjs://platform/console++.js:263 in error
[ERROR - 2017-05-20T07:02:58.200Z] WebElementLocator - _handleLocateCommand - Element(s) NOT Found: GAVE UP. Search Stop Time: 1495263778145

  phantomjs://platform/console++.js:263 in error
[ERROR - 2017-05-20T07:02:59.945Z] WebElementLocator - _handleLocateCommand - Element(s) NOT Found: GAVE UP. Search Stop Time: 1495263779944

  phantomjs://platform/console++.js:263 in error
[ERROR - 2017-05-20T07:03:01.657Z] WebElementLocator - _handleLocateCommand - Element(s) NOT Found: GAVE UP. Search Stop Time: 1495263781611

  phantomjs://platform/console++.js:263 in error
[ERROR - 2017-05-20T07:03:05.084Z] Session [dda50d90-3d27-11e7-8dd8-358ba25a6ef9] - page.onError - msg: ReferenceError: Can't find variable: etag_ngx_str

  phantomjs://platform/console++.js:263 in error
[ERROR - 2017-05-20T07:03:05.084Z] Session [dda50d90-3d27-11e7-8dd8-358ba25a6ef9] - page.onError - stack:
  global code (http://beacon.sina.com.cn/h.js:1)

  phantomjs://platform/console++.js:263 in error
[ERROR - 2017-05-20T07:03:06.327Z] Session [dda50d90-3d27-11e7-8dd8-358ba25a6ef9] - page.onError - msg: ReferenceError: Can't find variable: etag_ngx_str

  phantomjs://platform/console++.js:263 in error
[ERROR - 2017-05-20T07:03:06.327Z] Session [dda50d90-3d27-11e7-8dd8-358ba25a6ef9] - page.onError - stack:
  global code (http://beacon.sina.com.cn/h.js:1)

  phantomjs://platform/console++.js:263 in error
[ERROR - 2017-05-20T07:03:08.802Z] WebElementLocator - _handleLocateCommand - Element(s) NOT Found: GAVE UP. Search Stop Time: 1495263788774

  phantomjs://platform/console++.js:263 in error
[ERROR - 2017-05-20T07:03:10.274Z] WebElementLocator - _handleLocateCommand - Element(s) NOT Found: GAVE UP. Search Stop Time: 1495263790212

  phantomjs://platform/console++.js:263 in error
[ERROR - 2017-05-20T07:03:11.753Z] WebElementLocator - _handleLocateCommand - Element(s) NOT Found: GAVE UP. Search Stop Time: 1495263791686

  phantomjs://platform/console++.js:263 in error
[ERROR - 2017-05-20T07:03:13.206Z] WebElementLocator - _handleLocateCommand - Element(s) NOT Found: GAVE UP. Search Stop Time: 1495263793145

  phantomjs://platform/console++.js:263 in error
[ERROR - 2017-05-20T07:03:14.700Z] WebElementLocator - _handleLocateCommand - Element(s) NOT Found: GAVE UP. Search Stop Time: 1495263794649

  phantomjs://platform/console++.js:263 in error
[ERROR - 2017-05-20T07:03:16.124Z] WebElementLocator - _handleLocateCommand - Element(s) NOT Found: GAVE UP. Search Stop Time: 1495263796121

  phantomjs://platform/console++.js:263 in error
[ERROR - 2017-05-20T07:03:37.786Z] WebElementLocator - _handleLocateCommand - Element(s) NOT Found: GAVE UP. Search Stop Time: 1495263817730

  phantomjs://platform/console++.js:263 in error
[ERROR - 2017-05-20T07:03:39.272Z] WebElementLocator - _handleLocateCommand - Element(s) NOT Found: GAVE UP. Search Stop Time: 1495263819205

  phantomjs://platform/console++.js:263 in error
[ERROR - 2017-05-20T07:03:40.763Z] WebElementLocator - _handleLocateCommand - Element(s) NOT Found: GAVE UP. Search Stop Time: 1495263820736

  phantomjs://platform/console++.js:263 in error
[ERROR - 2017-05-20T07:03:52.199Z] WebElementLocator - _handleLocateCommand - Element(s) NOT Found: GAVE UP. Search Stop Time: 1495263832155

  phantomjs://platform/console++.js:263 in error
[ERROR - 2017-05-20T07:03:53.930Z] WebElementLocator - _handleLocateCommand - Element(s) NOT Found: GAVE UP. Search Stop Time: 1495263833884

  phantomjs://platform/console++.js:263 in error
[ERROR - 2017-05-20T07:03:55.635Z] WebElementLocator - _handleLocateCommand - Element(s) NOT Found: GAVE UP. Search Stop Time: 1495263835582

  phantomjs://platform/console++.js:263 in error
[ERROR - 2017-05-20T07:03:57.355Z] WebElementLocator - _handleLocateCommand - Element(s) NOT Found: GAVE UP. Search Stop Time: 1495263837354

  phantomjs://platform/console++.js:263 in error
[ERROR - 2017-05-20T07:03:59.054Z] WebElementLocator - _handleLocateCommand - Element(s) NOT Found: GAVE UP. Search Stop Time: 1495263839052

  phantomjs://platform/console++.js:263 in error
[ERROR - 2017-05-20T07:04:00.879Z] WebElementLocator - _handleLocateCommand - Element(s) NOT Found: GAVE UP. Search Stop Time: 1495263840813

  phantomjs://platform/console++.js:263 in error
[ERROR - 2017-05-20T07:04:02.620Z] WebElementLocator - _handleLocateCommand - Element(s) NOT Found: GAVE UP. Search Stop Time: 1495263842561

  phantomjs://platform/console++.js:263 in error
[ERROR - 2017-05-20T07:04:04.353Z] WebElementLocator - _handleLocateCommand - Element(s) NOT Found: GAVE UP. Search Stop Time: 1495263844297

  phantomjs://platform/console++.js:263 in error
[ERROR - 2017-05-20T07:04:06.133Z] WebElementLocator - _handleLocateCommand - Element(s) NOT Found: GAVE UP. Search Stop Time: 1495263846081

  phantomjs://platform/console++.js:263 in error
[ERROR - 2017-05-20T07:04:09.389Z] Session [dda50d90-3d27-11e7-8dd8-358ba25a6ef9] - page.onError - msg: ReferenceError: Can't find variable: etag_ngx_str

  phantomjs://platform/console++.js:263 in error
[ERROR - 2017-05-20T07:04:09.389Z] Session [dda50d90-3d27-11e7-8dd8-358ba25a6ef9] - page.onError - stack:
  global code (http://beacon.sina.com.cn/h.js:1)

  phantomjs://platform/console++.js:263 in error
[ERROR - 2017-05-20T07:04:10.791Z] Session [dda50d90-3d27-11e7-8dd8-358ba25a6ef9] - page.onError - msg: ReferenceError: Can't find variable: etag_ngx_str

  phantomjs://platform/console++.js:263 in error
[ERROR - 2017-05-20T07:04:10.791Z] Session [dda50d90-3d27-11e7-8dd8-358ba25a6ef9] - page.onError - stack:
  global code (http://beacon.sina.com.cn/h.js:1)

  phantomjs://platform/console++.js:263 in error
[ERROR - 2017-05-20T07:04:13.044Z] WebElementLocator - _handleLocateCommand - Element(s) NOT Found: GAVE UP. Search Stop Time: 1495263853007

  phantomjs://platform/console++.js:263 in error
[ERROR - 2017-05-20T07:04:14.499Z] WebElementLocator - _handleLocateCommand - Element(s) NOT Found: GAVE UP. Search Stop Time: 1495263854490

  phantomjs://platform/console++.js:263 in error
[ERROR - 2017-05-20T07:04:16.009Z] WebElementLocator - _handleLocateCommand - Element(s) NOT Found: GAVE UP. Search Stop Time: 1495263855953

  phantomjs://platform/console++.js:263 in error
[ERROR - 2017-05-20T07:04:17.481Z] WebElementLocator - _handleLocateCommand - Element(s) NOT Found: GAVE UP. Search Stop Time: 1495263857445

  phantomjs://platform/console++.js:263 in error
[ERROR - 2017-05-20T07:04:18.941Z] WebElementLocator - _handleLocateCommand - Element(s) NOT Found: GAVE UP. Search Stop Time: 1495263858939

  phantomjs://platform/console++.js:263 in error
[ERROR - 2017-05-20T07:04:20.387Z] WebElementLocator - _handleLocateCommand - Element(s) NOT Found: GAVE UP. Search Stop Time: 1495263860340

  phantomjs://platform/console++.js:263 in error
[INFO  - 2017-05-20T07:05:08.306Z] SessionManagerReqHand - _cleanupWindowlessSessions - Asynchronous Sessions clean-up phase starting NOW
[ERROR - 2017-05-20T07:05:24.668Z] Session [dda50d90-3d27-11e7-8dd8-358ba25a6ef9] - page.onError - msg: ReferenceError: Can't find variable: etag_ngx_str

  phantomjs://platform/console++.js:263 in error
[ERROR - 2017-05-20T07:05:24.668Z] Session [dda50d90-3d27-11e7-8dd8-358ba25a6ef9] - page.onError - stack:
  global code (http://beacon.sina.com.cn/h.js:1)

  phantomjs://platform/console++.js:263 in error
[ERROR - 2017-05-20T07:05:26.936Z] WebElementLocator - _handleLocateCommand - Element(s) NOT Found: GAVE UP. Search Stop Time: 1495263926899

  phantomjs://platform/console++.js:263 in error
[ERROR - 2017-05-20T07:05:28.469Z] WebElementLocator - _handleLocateCommand - Element(s) NOT Found: GAVE UP. Search Stop Time: 1495263928405

  phantomjs://platform/console++.js:263 in error
[ERROR - 2017-05-20T07:05:30.012Z] WebElementLocator - _handleLocateCommand - Element(s) NOT Found: GAVE UP. Search Stop Time: 1495263929954

  phantomjs://platform/console++.js:263 in error
[ERROR - 2017-05-20T07:05:31.475Z] WebElementLocator - _handleLocateCommand - Element(s) NOT Found: GAVE UP. Search Stop Time: 1495263931418

  phantomjs://platform/console++.js:263 in error
[ERROR - 2017-05-20T07:05:32.930Z] WebElementLocator - _handleLocateCommand - Element(s) NOT Found: GAVE UP. Search Stop Time: 1495263932868

  phantomjs://platform/console++.js:263 in error
[ERROR - 2017-05-20T07:05:34.393Z] WebElementLocator - _handleLocateCommand - Element(s) NOT Found: GAVE UP. Search Stop Time: 1495263934386

  phantomjs://platform/console++.js:263 in error
[ERROR - 2017-05-20T07:05:44.584Z] WebElementLocator - _handleLocateCommand - Element(s) NOT Found: GAVE UP. Search Stop Time: 1495263944540

  phantomjs://platform/console++.js:263 in error
[ERROR - 2017-05-20T07:05:46.059Z] WebElementLocator - _handleLocateCommand - Element(s) NOT Found: GAVE UP. Search Stop Time: 1495263946014

  phantomjs://platform/console++.js:263 in error
[ERROR - 2017-05-20T07:05:47.478Z] WebElementLocator - _handleLocateCommand - Element(s) NOT Found: GAVE UP. Search Stop Time: 1495263947432

  phantomjs://platform/console++.js:263 in error
[ERROR - 2017-05-20T07:05:48.900Z] WebElementLocator - _handleLocateCommand - Element(s) NOT Found: GAVE UP. Search Stop Time: 1495263948850

  phantomjs://platform/console++.js:263 in error
[ERROR - 2017-05-20T07:05:50.320Z] WebElementLocator - _handleLocateCommand - Element(s) NOT Found: GAVE UP. Search Stop Time: 1495263950287

  phantomjs://platform/console++.js:263 in error
[ERROR - 2017-05-20T07:05:51.708Z] WebElementLocator - _handleLocateCommand - Element(s) NOT Found: GAVE UP. Search Stop Time: 1495263951691

  phantomjs://platform/console++.js:263 in error
[ERROR - 2017-05-20T07:05:55.752Z] Session [dda50d90-3d27-11e7-8dd8-358ba25a6ef9] - page.onError - msg: ReferenceError: Can't find variable: etag_ngx_str

  phantomjs://platform/console++.js:263 in error
[ERROR - 2017-05-20T07:05:55.752Z] Session [dda50d90-3d27-11e7-8dd8-358ba25a6ef9] - page.onError - stack:
  global code (http://beacon.sina.com.cn/h.js:1)

  phantomjs://platform/console++.js:263 in error
[ERROR - 2017-05-20T07:05:58.010Z] WebElementLocator - _handleLocateCommand - Element(s) NOT Found: GAVE UP. Search Stop Time: 1495263957961

  phantomjs://platform/console++.js:263 in error
[ERROR - 2017-05-20T07:05:59.509Z] WebElementLocator - _handleLocateCommand - Element(s) NOT Found: GAVE UP. Search Stop Time: 1495263959459

  phantomjs://platform/console++.js:263 in error
[ERROR - 2017-05-20T07:06:00.993Z] WebElementLocator - _handleLocateCommand - Element(s) NOT Found: GAVE UP. Search Stop Time: 1495263960945

  phantomjs://platform/console++.js:263 in error
[ERROR - 2017-05-20T07:06:02.407Z] WebElementLocator - _handleLocateCommand - Element(s) NOT Found: GAVE UP. Search Stop Time: 1495263962375

  phantomjs://platform/console++.js:263 in error
[ERROR - 2017-05-20T07:06:03.825Z] WebElementLocator - _handleLocateCommand - Element(s) NOT Found: GAVE UP. Search Stop Time: 1495263963789

  phantomjs://platform/console++.js:263 in error
[ERROR - 2017-05-20T07:06:05.186Z] WebElementLocator - _handleLocateCommand - Element(s) NOT Found: GAVE UP. Search Stop Time: 1495263965184

  phantomjs://platform/console++.js:263 in error
[ERROR - 2017-05-20T07:06:16.136Z] WebElementLocator - _handleLocateCommand - Element(s) NOT Found: GAVE UP. Search Stop Time: 1495263976095

  phantomjs://platform/console++.js:263 in error
[ERROR - 2017-05-20T07:06:17.647Z] WebElementLocator - _handleLocateCommand - Element(s) NOT Found: GAVE UP. Search Stop Time: 1495263977594

  phantomjs://platform/console++.js:263 in error
[ERROR - 2017-05-20T07:06:33.516Z] WebElementLocator - _handleLocateCommand - Element(s) NOT Found: GAVE UP. Search Stop Time: 1495263993466

  phantomjs://platform/console++.js:263 in error
[ERROR - 2017-05-20T07:06:35.267Z] WebElementLocator - _handleLocateCommand - Element(s) NOT Found: GAVE UP. Search Stop Time: 1495263995203

  phantomjs://platform/console++.js:263 in error
[ERROR - 2017-05-20T07:06:37.036Z] WebElementLocator - _handleLocateCommand - Element(s) NOT Found: GAVE UP. Search Stop Time: 1495263996983

  phantomjs://platform/console++.js:263 in error
[ERROR - 2017-05-20T07:06:38.772Z] WebElementLocator - _handleLocateCommand - Element(s) NOT Found: GAVE UP. Search Stop Time: 1495263998708

  phantomjs://platform/console++.js:263 in error
[ERROR - 2017-05-20T07:06:40.504Z] WebElementLocator - _handleLocateCommand - Element(s) NOT Found: GAVE UP. Search Stop Time: 1495264000452

  phantomjs://platform/console++.js:263 in error
[ERROR - 2017-05-20T07:06:42.232Z] WebElementLocator - _handleLocateCommand - Element(s) NOT Found: GAVE UP. Search Stop Time: 1495264002184

  phantomjs://platform/console++.js:263 in error
[ERROR - 2017-05-20T07:06:43.952Z] WebElementLocator - _handleLocateCommand - Element(s) NOT Found: GAVE UP. Search Stop Time: 1495264003899

  phantomjs://platform/console++.js:263 in error
[ERROR - 2017-05-20T07:06:45.701Z] WebElementLocator - _handleLocateCommand - Element(s) NOT Found: GAVE UP. Search Stop Time: 1495264005637

  phantomjs://platform/console++.js:263 in error
[ERROR - 2017-05-20T07:06:47.402Z] WebElementLocator - _handleLocateCommand - Element(s) NOT Found: GAVE UP. Search Stop Time: 1495264007399

  phantomjs://platform/console++.js:263 in error
[ERROR - 2017-05-20T07:06:50.953Z] Session [dda50d90-3d27-11e7-8dd8-358ba25a6ef9] - page.onError - msg: ReferenceError: Can't find variable: etag_ngx_str

  phantomjs://platform/console++.js:263 in error
[ERROR - 2017-05-20T07:06:50.953Z] Session [dda50d90-3d27-11e7-8dd8-358ba25a6ef9] - page.onError - stack:
  global code (http://beacon.sina.com.cn/h.js:1)

  phantomjs://platform/console++.js:263 in error
[ERROR - 2017-05-20T07:06:52.100Z] Session [dda50d90-3d27-11e7-8dd8-358ba25a6ef9] - page.onError - msg: ReferenceError: Can't find variable: etag_ngx_str

  phantomjs://platform/console++.js:263 in error
[ERROR - 2017-05-20T07:06:52.100Z] Session [dda50d90-3d27-11e7-8dd8-358ba25a6ef9] - page.onError - stack:
  global code (http://beacon.sina.com.cn/h.js:1)

  phantomjs://platform/console++.js:263 in error
[ERROR - 2017-05-20T07:06:54.390Z] WebElementLocator - _handleLocateCommand - Element(s) NOT Found: GAVE UP. Search Stop Time: 1495264014328

  phantomjs://platform/console++.js:263 in error
[ERROR - 2017-05-20T07:06:55.885Z] WebElementLocator - _handleLocateCommand - Element(s) NOT Found: GAVE UP. Search Stop Time: 1495264015827

  phantomjs://platform/console++.js:263 in error
[ERROR - 2017-05-20T07:06:57.399Z] WebElementLocator - _handleLocateCommand - Element(s) NOT Found: GAVE UP. Search Stop Time: 1495264017340

  phantomjs://platform/console++.js:263 in error
[ERROR - 2017-05-20T07:06:58.876Z] WebElementLocator - _handleLocateCommand - Element(s) NOT Found: GAVE UP. Search Stop Time: 1495264018817

  phantomjs://platform/console++.js:263 in error
[ERROR - 2017-05-20T07:07:00.336Z] WebElementLocator - _handleLocateCommand - Element(s) NOT Found: GAVE UP. Search Stop Time: 1495264020303

  phantomjs://platform/console++.js:263 in error
[ERROR - 2017-05-20T07:07:01.724Z] WebElementLocator - _handleLocateCommand - Element(s) NOT Found: GAVE UP. Search Stop Time: 1495264021720

  phantomjs://platform/console++.js:263 in error
[ERROR - 2017-05-20T07:07:14.747Z] WebElementLocator - _handleLocateCommand - Element(s) NOT Found: GAVE UP. Search Stop Time: 1495264034694

  phantomjs://platform/console++.js:263 in error
[ERROR - 2017-05-20T07:07:16.178Z] WebElementLocator - _handleLocateCommand - Element(s) NOT Found: GAVE UP. Search Stop Time: 1495264036141

  phantomjs://platform/console++.js:263 in error
[ERROR - 2017-05-20T07:07:25.194Z] WebElementLocator - _handleLocateCommand - Element(s) NOT Found: GAVE UP. Search Stop Time: 1495264045149

  phantomjs://platform/console++.js:263 in error
[ERROR - 2017-05-20T07:07:26.989Z] WebElementLocator - _handleLocateCommand - Element(s) NOT Found: GAVE UP. Search Stop Time: 1495264046944

  phantomjs://platform/console++.js:263 in error
[ERROR - 2017-05-20T07:07:28.755Z] WebElementLocator - _handleLocateCommand - Element(s) NOT Found: GAVE UP. Search Stop Time: 1495264048700

  phantomjs://platform/console++.js:263 in error
[ERROR - 2017-05-20T07:07:30.502Z] WebElementLocator - _handleLocateCommand - Element(s) NOT Found: GAVE UP. Search Stop Time: 1495264050451

  phantomjs://platform/console++.js:263 in error
[ERROR - 2017-05-20T07:07:32.226Z] WebElementLocator - _handleLocateCommand - Element(s) NOT Found: GAVE UP. Search Stop Time: 1495264052182

  phantomjs://platform/console++.js:263 in error
[ERROR - 2017-05-20T07:07:33.928Z] WebElementLocator - _handleLocateCommand - Element(s) NOT Found: GAVE UP. Search Stop Time: 1495264053895

  phantomjs://platform/console++.js:263 in error
[ERROR - 2017-05-20T07:07:35.603Z] WebElementLocator - _handleLocateCommand - Element(s) NOT Found: GAVE UP. Search Stop Time: 1495264055585

  phantomjs://platform/console++.js:263 in error
[ERROR - 2017-05-20T07:07:37.374Z] WebElementLocator - _handleLocateCommand - Element(s) NOT Found: GAVE UP. Search Stop Time: 1495264057331

  phantomjs://platform/console++.js:263 in error
[ERROR - 2017-05-20T07:07:39.092Z] WebElementLocator - _handleLocateCommand - Element(s) NOT Found: GAVE UP. Search Stop Time: 1495264059033

  phantomjs://platform/console++.js:263 in error
[ERROR - 2017-05-20T07:07:42.425Z] Session [dda50d90-3d27-11e7-8dd8-358ba25a6ef9] - page.onError - msg: ReferenceError: Can't find variable: etag_ngx_str

  phantomjs://platform/console++.js:263 in error
[ERROR - 2017-05-20T07:07:42.425Z] Session [dda50d90-3d27-11e7-8dd8-358ba25a6ef9] - page.onError - stack:
  global code (http://beacon.sina.com.cn/h.js:1)

  phantomjs://platform/console++.js:263 in error
